<?xml version="1.0" encoding="UTF-8"?>
<coverage generated="1780061329828" clover="3.2.0">
  <project timestamp="1780061329828" name="All files">
    <metrics statements="504" coveredstatements="504" conditionals="333" coveredconditionals="326" methods="66" coveredmethods="66" elements="903" coveredelements="896" complexity="0" loc="504" ncloc="504" packages="1" files="2" classes="2"/>
    <file name="canonical.ts" path="/home/arcka/code/encoding-play/packages/hbs/src/canonical.ts">
      <metrics statements="35" coveredstatements="35" conditionals="32" coveredconditionals="32" methods="3" coveredmethods="3"/>
      <line num="2" count="117" type="stmt"/>
      <line num="4" count="117" type="stmt"/>
      <line num="5" count="2794" type="stmt"/>
      <line num="7" count="2794" type="cond" truecount="2" falsecount="0"/>
      <line num="8" count="3" type="stmt"/>
      <line num="9" count="2791" type="cond" truecount="2" falsecount="0"/>
      <line num="10" count="3" type="stmt"/>
      <line num="11" count="2788" type="cond" truecount="2" falsecount="0"/>
      <line num="12" count="1" type="stmt"/>
      <line num="13" count="2787" type="cond" truecount="2" falsecount="0"/>
      <line num="14" count="1" type="stmt"/>
      <line num="15" count="2786" type="cond" truecount="2" falsecount="0"/>
      <line num="16" count="3" type="stmt"/>
      <line num="17" count="2783" type="cond" truecount="2" falsecount="0"/>
      <line num="18" count="1" type="stmt"/>
      <line num="19" count="2782" type="cond" truecount="2" falsecount="0"/>
      <line num="20" count="1" type="stmt"/>
      <line num="21" count="2781" type="cond" truecount="2" falsecount="0"/>
      <line num="22" count="2" type="stmt"/>
      <line num="23" count="2779" type="cond" truecount="4" falsecount="0"/>
      <line num="24" count="4" type="stmt"/>
      <line num="26" count="4" type="cond" truecount="4" falsecount="0"/>
      <line num="27" count="2" type="stmt"/>
      <line num="28" count="2" type="stmt"/>
      <line num="30" count="2" type="stmt"/>
      <line num="32" count="2775" type="cond" truecount="4" falsecount="0"/>
      <line num="33" count="2" type="stmt"/>
      <line num="35" count="2773" type="stmt"/>
      <line num="39" count="117" type="stmt"/>
      <line num="43" count="292" type="cond" truecount="2" falsecount="0"/>
      <line num="44" count="4" type="stmt"/>
      <line num="49" count="288" type="cond" truecount="2" falsecount="0"/>
      <line num="50" count="12" type="stmt"/>
      <line num="53" count="276" type="stmt"/>
      <line num="57" count="88" type="stmt"/>
    </file>
    <file name="index.ts" path="/home/arcka/code/encoding-play/packages/hbs/src/index.ts">
      <metrics statements="469" coveredstatements="469" conditionals="301" coveredconditionals="294" methods="63" coveredmethods="63"/>
      <line num="10" count="1" type="stmt"/>
      <line num="11" count="1" type="stmt"/>
      <line num="87" count="851" type="stmt"/>
      <line num="91" count="1167" type="cond" truecount="4" falsecount="0"/>
      <line num="92" count="1" type="stmt"/>
      <line num="94" count="1166" type="cond" truecount="2" falsecount="0"/>
      <line num="95" count="1" type="stmt"/>
      <line num="97" count="1165" type="cond" truecount="2" falsecount="0"/>
      <line num="98" count="1" type="stmt"/>
      <line num="100" count="1164" type="cond" truecount="2" falsecount="0"/>
      <line num="101" count="1148" type="stmt"/>
      <line num="104" count="16" type="stmt"/>
      <line num="105" count="16" type="stmt"/>
      <line num="107" count="16" type="stmt"/>
      <line num="108" count="33" type="stmt"/>
      <line num="109" count="33" type="stmt"/>
      <line num="112" count="16" type="stmt"/>
      <line num="116" count="1127" type="cond" truecount="2" falsecount="0"/>
      <line num="117" count="1118" type="stmt"/>
      <line num="119" count="1118" type="cond" truecount="2" falsecount="0"/>
      <line num="120" count="2" type="stmt"/>
      <line num="123" count="1116" type="stmt"/>
      <line num="126" count="9" type="stmt"/>
      <line num="128" count="9" type="cond" truecount="2" falsecount="0"/>
      <line num="129" count="3" type="stmt"/>
      <line num="132" count="6" type="stmt"/>
      <line num="134" count="6" type="cond" truecount="2" falsecount="0"/>
      <line num="135" count="1" type="stmt"/>
      <line num="138" count="5" type="stmt"/>
      <line num="140" count="5" type="stmt"/>
      <line num="141" count="11" type="stmt"/>
      <line num="144" count="11" type="stmt"/>
      <line num="148" count="11" type="stmt"/>
      <line num="151" count="5" type="cond" truecount="2" falsecount="0"/>
      <line num="152" count="1" type="stmt"/>
      <line num="155" count="4" type="stmt"/>
      <line num="162" count="1" type="stmt"/>
      <line num="164" count="1" type="stmt"/>
      <line num="167" count="1" type="stmt"/>
      <line num="173" count="62" type="cond" truecount="2" falsecount="0"/>
      <line num="174" count="7" type="stmt"/>
      <line num="177" count="55" type="stmt"/>
      <line num="185" count="55" type="stmt"/>
      <line num="186" count="422" type="cond" truecount="2" falsecount="0"/>
      <line num="187" count="4" type="stmt"/>
      <line num="190" count="418" type="stmt"/>
      <line num="192" count="418" type="cond" truecount="2" falsecount="0"/>
      <line num="193" count="416" type="stmt"/>
      <line num="194" count="416" type="stmt"/>
      <line num="195" count="416" type="stmt"/>
      <line num="198" count="418" type="stmt"/>
      <line num="201" count="55" type="stmt"/>
      <line num="204" count="380" type="cond" truecount="2" falsecount="0"/>
      <line num="205" count="108" type="stmt"/>
      <line num="206" count="108" type="stmt"/>
      <line num="208" count="108" type="cond" truecount="2" falsecount="0"/>
      <line num="209" count="89" type="stmt"/>
      <line num="210" count="89" type="stmt"/>
      <line num="211" count="89" type="stmt"/>
      <line num="217" count="108" type="stmt"/>
      <line num="224" count="272" type="stmt"/>
      <line num="225" count="272" type="stmt"/>
      <line num="227" count="272" type="cond" truecount="2" falsecount="0"/>
      <line num="228" count="268" type="stmt"/>
      <line num="229" count="268" type="stmt"/>
      <line num="230" count="268" type="stmt"/>
      <line num="236" count="270" type="stmt"/>
      <line num="243" count="55" type="stmt"/>
      <line num="244" count="364" type="stmt"/>
      <line num="245" count="364" type="cond" truecount="2" falsecount="0"/>
      <line num="247" count="364" type="stmt"/>
      <line num="250" count="55" type="stmt"/>
      <line num="251" count="12" type="cond" truecount="2" falsecount="0"/>
      <line num="252" count="1" type="stmt"/>
      <line num="255" count="30" type="stmt"/>
      <line num="258" count="55" type="stmt"/>
      <line num="259" count="16" type="cond" truecount="2" falsecount="0"/>
      <line num="260" count="1" type="stmt"/>
      <line num="263" count="21" type="cond" truecount="2" falsecount="0"/>
      <line num="264" count="9" type="stmt"/>
      <line num="267" count="6" type="stmt"/>
      <line num="269" count="6" type="stmt"/>
      <line num="270" count="12" type="cond" truecount="2" falsecount="0"/>
      <line num="271" count="2" type="stmt"/>
      <line num="275" count="4" type="stmt"/>
      <line num="278" count="55" type="stmt"/>
      <line num="282" count="14" type="cond" truecount="2" falsecount="0"/>
      <line num="283" count="1" type="stmt"/>
      <line num="284" count="2" type="stmt"/>
      <line num="286" count="1" type="cond" truecount="1" falsecount="1"/>
      <line num="288" count="1" type="stmt"/>
      <line num="294" count="2" type="stmt"/>
      <line num="296" count="2" type="cond" truecount="1" falsecount="1"/>
      <line num="303" count="19" type="cond" truecount="2" falsecount="0"/>
      <line num="304" count="7" type="stmt"/>
      <line num="305" count="14" type="stmt"/>
      <line num="307" count="7" type="cond" truecount="2" falsecount="0"/>
      <line num="309" count="7" type="stmt"/>
      <line num="315" count="14" type="stmt"/>
      <line num="317" count="14" type="cond" truecount="2" falsecount="0"/>
      <line num="324" count="6" type="cond" truecount="2" falsecount="0"/>
      <line num="325" count="1" type="stmt"/>
      <line num="327" count="2" type="stmt"/>
      <line num="331" count="5" type="cond" truecount="2" falsecount="0"/>
      <line num="332" count="1" type="stmt"/>
      <line num="334" count="2" type="stmt"/>
      <line num="338" count="4" type="cond" truecount="2" falsecount="0"/>
      <line num="339" count="1" type="stmt"/>
      <line num="341" count="2" type="stmt"/>
      <line num="345" count="3" type="cond" truecount="2" falsecount="0"/>
      <line num="347" count="2" type="cond" truecount="1" falsecount="1"/>
      <line num="351" count="13" type="stmt"/>
      <line num="354" count="4" type="stmt"/>
      <line num="359" count="55" type="stmt"/>
      <line num="360" count="4" type="stmt"/>
      <line num="361" count="13" type="stmt"/>
      <line num="363" count="26" type="stmt"/>
      <line num="366" count="4" type="stmt"/>
      <line num="368" count="13" type="cond" truecount="2" falsecount="0"/>
      <line num="369" count="6" type="cond" truecount="1" falsecount="1"/>
      <line num="371" count="6" type="stmt"/>
      <line num="374" count="7" type="cond" truecount="2" falsecount="0"/>
      <line num="375" count="2" type="cond" truecount="2" falsecount="0"/>
      <line num="377" count="2" type="stmt"/>
      <line num="380" count="5" type="cond" truecount="2" falsecount="0"/>
      <line num="381" count="3" type="cond" truecount="4" falsecount="0"/>
      <line num="384" count="2" type="stmt"/>
      <line num="387" count="4" type="stmt"/>
      <line num="389" count="8" type="stmt"/>
      <line num="391" count="26" type="stmt"/>
      <line num="399" count="4" type="stmt"/>
      <line num="402" count="55" type="stmt"/>
      <line num="404" count="55" type="stmt"/>
      <line num="405" count="486" type="cond" truecount="2" falsecount="0"/>
      <line num="406" count="1" type="stmt"/>
      <line num="408" count="485" type="cond" truecount="2" falsecount="0"/>
      <line num="409" count="7" type="stmt"/>
      <line num="411" count="478" type="cond" truecount="2" falsecount="0"/>
      <line num="412" count="14" type="stmt"/>
      <line num="414" count="464" type="cond" truecount="2" falsecount="0"/>
      <line num="415" count="6" type="stmt"/>
      <line num="417" count="458" type="cond" truecount="4" falsecount="0"/>
      <line num="418" count="364" type="stmt"/>
      <line num="420" count="94" type="cond" truecount="2" falsecount="0"/>
      <line num="421" count="19" type="cond" truecount="2" falsecount="0"/>
      <line num="422" count="1" type="stmt"/>
      <line num="425" count="18" type="stmt"/>
      <line num="427" count="18" type="stmt"/>
      <line num="428" count="18" type="stmt"/>
      <line num="429" count="33" type="cond" truecount="2" falsecount="0"/>
      <line num="430" count="2" type="stmt"/>
      <line num="434" count="16" type="stmt"/>
      <line num="436" count="16" type="cond" truecount="2" falsecount="0"/>
      <line num="437" count="4" type="stmt"/>
      <line num="440" count="22" type="stmt"/>
      <line num="442" count="12" type="stmt"/>
      <line num="444" count="18" type="stmt"/>
      <line num="448" count="75" type="cond" truecount="2" falsecount="0"/>
      <line num="449" count="69" type="cond" truecount="2" falsecount="0"/>
      <line num="450" count="1" type="stmt"/>
      <line num="453" count="68" type="stmt"/>
      <line num="455" count="68" type="stmt"/>
      <line num="456" count="68" type="stmt"/>
      <line num="457" count="409" type="stmt"/>
      <line num="459" count="409" type="stmt"/>
      <line num="461" count="68" type="stmt"/>
      <line num="462" count="405" type="stmt"/>
      <line num="465" count="68" type="stmt"/>
      <line num="469" count="6" type="stmt"/>
      <line num="472" count="55" type="stmt"/>
      <line num="473" count="55" type="stmt"/>
      <line num="475" count="55" type="cond" truecount="4" falsecount="0"/>
      <line num="478" count="62" type="cond" truecount="2" falsecount="0"/>
      <line num="481" count="22" type="cond" truecount="2" falsecount="0"/>
      <line num="486" count="356" type="stmt"/>
      <line num="487" count="62" type="stmt"/>
      <line num="488" count="62" type="stmt"/>
      <line num="493" count="62" type="stmt"/>
      <line num="497" count="72" type="stmt"/>
      <line num="499" count="72" type="cond" truecount="2" falsecount="0"/>
      <line num="500" count="3" type="stmt"/>
      <line num="511" count="69" type="stmt"/>
      <line num="513" count="69" type="stmt"/>
      <line num="514" count="69" type="stmt"/>
      <line num="515" count="69" type="stmt"/>
      <line num="516" count="69" type="stmt"/>
      <line num="521" count="72" type="cond" truecount="2" falsecount="0"/>
      <line num="522" count="1" type="stmt"/>
      <line num="525" count="68" type="stmt"/>
      <line num="526" count="68" type="cond" truecount="2" falsecount="0"/>
      <line num="533" count="72" type="stmt"/>
      <line num="534" count="72" type="stmt"/>
      <line num="535" count="72" type="stmt"/>
      <line num="539" count="72" type="stmt"/>
      <line num="540" count="72" type="stmt"/>
      <line num="541" count="72" type="stmt"/>
      <line num="543" count="72" type="cond" truecount="2" falsecount="0"/>
      <line num="548" count="1" type="stmt"/>
      <line num="551" count="44" type="stmt"/>
      <line num="552" count="44" type="stmt"/>
      <line num="553" count="44" type="stmt"/>
      <line num="554" count="44" type="stmt"/>
      <line num="561" count="72" type="stmt"/>
      <line num="575" count="164" type="cond" truecount="2" falsecount="0"/>
      <line num="577" count="164" type="cond" truecount="2" falsecount="0"/>
      <line num="578" count="9" type="stmt"/>
      <line num="580" count="9" type="cond" truecount="2" falsecount="0"/>
      <line num="581" count="1" type="stmt"/>
      <line num="584" count="8" type="stmt"/>
      <line num="587" count="155" type="stmt"/>
      <line num="593" count="62" type="cond" truecount="2" falsecount="0"/>
      <line num="597" count="150" type="cond" truecount="5" falsecount="0"/>
      <line num="598" count="18" type="stmt"/>
      <line num="601" count="132" type="stmt"/>
      <line num="603" count="132" type="stmt"/>
      <line num="607" count="68" type="cond" truecount="2" falsecount="0"/>
      <line num="608" count="8" type="stmt"/>
      <line num="611" count="60" type="stmt"/>
      <line num="613" count="399" type="cond" truecount="2" falsecount="0"/>
      <line num="614" count="1" type="stmt"/>
      <line num="617" count="59" type="cond" truecount="2" falsecount="0"/>
      <line num="618" count="1" type="stmt"/>
      <line num="621" count="58" type="stmt"/>
      <line num="625" count="66" type="stmt"/>
      <line num="626" count="66" type="stmt"/>
      <line num="627" count="66" type="stmt"/>
      <line num="629" count="66" type="stmt"/>
      <line num="630" count="723" type="cond" truecount="2" falsecount="0"/>
      <line num="631" count="2" type="stmt"/>
      <line num="633" count="2" type="cond" truecount="2" falsecount="0"/>
      <line num="634" count="1" type="stmt"/>
      <line num="637" count="1" type="stmt"/>
      <line num="638" count="1" type="stmt"/>
      <line num="639" count="1" type="stmt"/>
      <line num="641" count="1" type="stmt"/>
      <line num="644" count="721" type="stmt"/>
      <line num="646" count="721" type="cond" truecount="2" falsecount="0"/>
      <line num="647" count="1" type="stmt"/>
      <line num="650" count="720" type="stmt"/>
      <line num="652" count="720" type="stmt"/>
      <line num="655" count="66" type="stmt"/>
      <line num="656" count="336" type="stmt"/>
      <line num="658" count="336" type="cond" truecount="2" falsecount="0"/>
      <line num="659" count="496" type="stmt"/>
      <line num="662" count="336" type="cond" truecount="2" falsecount="0"/>
      <line num="663" count="2" type="stmt"/>
      <line num="666" count="334" type="stmt"/>
      <line num="669" count="66" type="stmt"/>
      <line num="674" count="324" type="stmt"/>
      <line num="675" count="324" type="cond" truecount="2" falsecount="0"/>
      <line num="676" count="324" type="stmt"/>
      <line num="678" count="324" type="cond" truecount="2" falsecount="0"/>
      <line num="679" count="42" type="cond" truecount="4" falsecount="0"/>
      <line num="680" count="1" type="stmt"/>
      <line num="683" count="282" type="stmt"/>
      <line num="685" count="282" type="stmt"/>
      <line num="686" count="282" type="stmt"/>
      <line num="689" count="323" type="stmt"/>
      <line num="692" count="66" type="stmt"/>
      <line num="693" count="310" type="stmt"/>
      <line num="694" count="310" type="stmt"/>
      <line num="696" count="310" type="cond" truecount="2" falsecount="0"/>
      <line num="697" count="1" type="stmt"/>
      <line num="700" count="308" type="stmt"/>
      <line num="701" count="308" type="stmt"/>
      <line num="703" count="308" type="stmt"/>
      <line num="706" count="66" type="stmt"/>
      <line num="707" count="19" type="cond" truecount="2" falsecount="0"/>
      <line num="708" count="1" type="stmt"/>
      <line num="711" count="18" type="stmt"/>
      <line num="712" count="18" type="stmt"/>
      <line num="713" count="18" type="stmt"/>
      <line num="715" count="18" type="cond" truecount="4" falsecount="0"/>
      <line num="716" count="12" type="cond" truecount="2" falsecount="0"/>
      <line num="717" count="12" type="stmt"/>
      <line num="719" count="12" type="cond" truecount="1" falsecount="1"/>
      <line num="720" count="9" type="stmt"/>
      <line num="723" count="12" type="cond" truecount="2" falsecount="0"/>
      <line num="724" count="4" type="stmt"/>
      <line num="727" count="8" type="stmt"/>
      <line num="735" count="6" type="cond" truecount="5" falsecount="0"/>
      <line num="736" count="3" type="stmt"/>
      <line num="743" count="3" type="cond" truecount="5" falsecount="0"/>
      <line num="744" count="2" type="stmt"/>
      <line num="747" count="1" type="stmt"/>
      <line num="750" count="66" type="stmt"/>
      <line num="751" count="30" type="cond" truecount="2" falsecount="0"/>
      <line num="752" count="6" type="stmt"/>
      <line num="755" count="24" type="cond" truecount="2" falsecount="0"/>
      <line num="756" count="14" type="cond" truecount="2" falsecount="0"/>
      <line num="757" count="14" type="stmt"/>
      <line num="759" count="14" type="stmt"/>
      <line num="762" count="10" type="cond" truecount="2" falsecount="0"/>
      <line num="763" count="6" type="cond" truecount="2" falsecount="0"/>
      <line num="764" count="6" type="stmt"/>
      <line num="766" count="6" type="cond" truecount="2" falsecount="0"/>
      <line num="767" count="1" type="stmt"/>
      <line num="770" count="5" type="stmt"/>
      <line num="771" count="5" type="stmt"/>
      <line num="773" count="5" type="cond" truecount="2" falsecount="0"/>
      <line num="774" count="1" type="stmt"/>
      <line num="777" count="4" type="stmt"/>
      <line num="779" count="4" type="stmt"/>
      <line num="782" count="4" type="stmt"/>
      <line num="785" count="66" type="stmt"/>
      <line num="786" count="12" type="stmt"/>
      <line num="787" count="12" type="stmt"/>
      <line num="789" count="12" type="cond" truecount="2" falsecount="0"/>
      <line num="790" count="1" type="stmt"/>
      <line num="793" count="11" type="stmt"/>
      <line num="794" count="11" type="stmt"/>
      <line num="796" count="11" type="cond" truecount="2" falsecount="0"/>
      <line num="797" count="1" type="stmt"/>
      <line num="800" count="10" type="stmt"/>
      <line num="801" count="10" type="stmt"/>
      <line num="803" count="10" type="stmt"/>
      <line num="804" count="19" type="stmt"/>
      <line num="807" count="8" type="cond" truecount="2" falsecount="0"/>
      <line num="808" count="1" type="stmt"/>
      <line num="811" count="7" type="stmt"/>
      <line num="812" count="7" type="stmt"/>
      <line num="814" count="7" type="stmt"/>
      <line num="815" count="11" type="stmt"/>
      <line num="817" count="11" type="stmt"/>
      <line num="818" count="30" type="stmt"/>
      <line num="820" count="30" type="cond" truecount="2" falsecount="0"/>
      <line num="821" count="22" type="stmt"/>
      <line num="825" count="9" type="stmt"/>
      <line num="828" count="5" type="stmt"/>
      <line num="831" count="66" type="stmt"/>
      <line num="832" count="460" type="stmt"/>
      <line num="834" count="460" type="cond" truecount="2" falsecount="0"/>
      <line num="835" count="76" type="stmt"/>
      <line num="836" count="76" type="stmt"/>
      <line num="838" count="76" type="stmt"/>
      <line num="839" count="377" type="cond" truecount="2" falsecount="0"/>
      <line num="840" count="1" type="stmt"/>
      <line num="843" count="376" type="cond" truecount="2" falsecount="0"/>
      <line num="844" count="1" type="stmt"/>
      <line num="847" count="375" type="stmt"/>
      <line num="849" count="375" type="stmt"/>
      <line num="850" count="375" type="stmt"/>
      <line num="853" count="66" type="stmt"/>
      <line num="855" count="66" type="stmt"/>
      <line num="857" count="384" type="cond" truecount="2" falsecount="0"/>
      <line num="858" count="23" type="stmt"/>
      <line num="860" count="23" type="cond" truecount="2" falsecount="0"/>
      <line num="861" count="12" type="stmt"/>
      <line num="863" count="12" type="cond" truecount="2" falsecount="0"/>
      <line num="864" count="1" type="stmt"/>
      <line num="867" count="4" type="stmt"/>
      <line num="869" count="4" type="stmt"/>
      <line num="872" count="11" type="stmt"/>
      <line num="874" count="11" type="stmt"/>
      <line num="875" count="19" type="cond" truecount="2" falsecount="0"/>
      <line num="876" count="1" type="stmt"/>
      <line num="879" count="18" type="stmt"/>
      <line num="882" count="9" type="stmt"/>
      <line num="884" count="9" type="stmt"/>
      <line num="886" count="361" type="cond" truecount="2" falsecount="0"/>
      <line num="887" count="26" type="stmt"/>
      <line num="888" count="26" type="stmt"/>
      <line num="890" count="335" type="cond" truecount="2" falsecount="0"/>
      <line num="891" count="12" type="stmt"/>
      <line num="892" count="12" type="stmt"/>
      <line num="894" count="323" type="cond" truecount="2" falsecount="0"/>
      <line num="895" count="12" type="stmt"/>
      <line num="896" count="12" type="stmt"/>
      <line num="898" count="311" type="cond" truecount="2" falsecount="0"/>
      <line num="899" count="198" type="stmt"/>
      <line num="902" count="113" type="cond" truecount="2" falsecount="0"/>
      <line num="903" count="112" type="stmt"/>
      <line num="906" count="1" type="stmt"/>
      <line num="909" count="66" type="stmt"/>
      <line num="911" count="66" type="cond" truecount="2" falsecount="0"/>
      <line num="912" count="1" type="stmt"/>
      <line num="915" count="45" type="stmt"/>
      <line num="919" count="44" type="stmt"/>
      <line num="920" count="44" type="stmt"/>
      <line num="922" count="44" type="stmt"/>
      <line num="923" count="274" type="stmt"/>
      <line num="927" count="274" type="stmt"/>
      <line num="929" count="274" type="cond" truecount="2" falsecount="0"/>
      <line num="930" count="195" type="stmt"/>
      <line num="931" count="195" type="stmt"/>
      <line num="933" count="195" type="stmt"/>
      <line num="934" count="195" type="stmt"/>
      <line num="936" count="195" type="cond" truecount="4" falsecount="0"/>
      <line num="937" count="105" type="stmt"/>
      <line num="938" count="83" type="cond" truecount="4" falsecount="0"/>
      <line num="939" count="81" type="stmt"/>
      <line num="941" count="2" type="stmt"/>
      <line num="944" count="7" type="stmt"/>
      <line num="946" count="79" type="cond" truecount="2" falsecount="0"/>
      <line num="947" count="2" type="stmt"/>
      <line num="948" count="2" type="stmt"/>
      <line num="950" count="77" type="stmt"/>
      <line num="952" count="274" type="stmt"/>
      <line num="953" count="274" type="stmt"/>
      <line num="956" count="44" type="stmt"/>
      <line num="966" count="441" type="cond" truecount="2" falsecount="0"/>
      <line num="967" count="50" type="stmt"/>
      <line num="970" count="391" type="cond" truecount="2" falsecount="0"/>
      <line num="971" count="313" type="stmt"/>
      <line num="973" count="313" type="cond" truecount="4" falsecount="0"/>
      <line num="977" count="99" type="stmt"/>
      <line num="988" count="99" type="stmt"/>
      <line num="991" count="214" type="stmt"/>
      <line num="993" count="78" type="cond" truecount="2" falsecount="0"/>
      <line num="994" count="9" type="stmt"/>
      <line num="995" count="15" type="stmt"/>
      <line num="999" count="69" type="cond" truecount="2" falsecount="0"/>
      <line num="1000" count="4" type="stmt"/>
      <line num="1001" count="8" type="stmt"/>
      <line num="1002" count="8" type="stmt"/>
      <line num="1004" count="8" type="stmt"/>
      <line num="1005" count="27" type="stmt"/>
      <line num="1007" count="27" type="cond" truecount="2" falsecount="0"/>
      <line num="1008" count="1" type="stmt"/>
      <line num="1010" count="1" type="cond" truecount="1" falsecount="1"/>
      <line num="1011" count="1" type="stmt"/>
      <line num="1014" count="1" type="stmt"/>
      <line num="1017" count="26" type="cond" truecount="2" falsecount="0"/>
      <line num="1018" count="6" type="stmt"/>
      <line num="1019" count="6" type="stmt"/>
      <line num="1022" count="20" type="stmt"/>
      <line num="1030" count="20" type="stmt"/>
      <line num="1032" count="20" type="cond" truecount="2" falsecount="0"/>
      <line num="1033" count="18" type="stmt"/>
      <line num="1037" count="8" type="stmt"/>
      <line num="1041" count="65" type="stmt"/>
      <line num="1043" count="65" type="stmt"/>
      <line num="1044" count="363" type="stmt"/>
      <line num="1046" count="363" type="cond" truecount="2" falsecount="0"/>
      <line num="1047" count="1" type="stmt"/>
      <line num="1048" count="1" type="stmt"/>
      <line num="1051" count="362" type="stmt"/>
      <line num="1053" count="362" type="cond" truecount="2" falsecount="0"/>
      <line num="1054" count="266" type="stmt"/>
      <line num="1058" count="65" type="stmt"/>
      <line num="1070" count="44" type="cond" truecount="2" falsecount="0"/>
      <line num="1071" count="32" type="stmt"/>
      <line num="1074" count="12" type="cond" truecount="2" falsecount="0"/>
      <line num="1075" count="44" type="cond" truecount="2" falsecount="0"/>
      <line num="1076" count="44" type="stmt"/>
      <line num="1077" count="44" type="stmt"/>
      <line num="1079" count="44" type="stmt"/>
      <line num="1080" count="61" type="stmt"/>
      <line num="1081" count="61" type="stmt"/>
      <line num="1082" count="61" type="stmt"/>
      <line num="1084" count="61" type="cond" truecount="4" falsecount="0"/>
      <line num="1085" count="1" type="stmt"/>
      <line num="1086" count="1" type="stmt"/>
      <line num="1093" count="1" type="stmt"/>
      <line num="1095" count="60" type="cond" truecount="2" falsecount="0"/>
      <line num="1096" count="1" type="stmt"/>
      <line num="1097" count="1" type="stmt"/>
      <line num="1104" count="1" type="stmt"/>
      <line num="1106" count="59" type="cond" truecount="4" falsecount="0"/>
      <line num="1107" count="1" type="stmt"/>
      <line num="1108" count="1" type="stmt"/>
      <line num="1115" count="1" type="stmt"/>
      <line num="1117" count="58" type="cond" truecount="2" falsecount="0"/>
      <line num="1118" count="11" type="stmt"/>
      <line num="1120" count="47" type="stmt"/>
      <line num="1125" count="12" type="stmt"/>
      <line num="1126" count="1" type="stmt"/>
      <line num="1127" count="1" type="stmt"/>
      <line num="1135" count="12" type="stmt"/>
    </file>
  </project>
</coverage>
