{
  "/home/arcka/code/encoding-play/packages/hbs/src/canonical.ts": {
    "path": "/home/arcka/code/encoding-play/packages/hbs/src/canonical.ts",
    "statementMap": {
      "0": {
        "start": { "line": 2, "column": 15 },
        "end": { "line": 2, "column": null }
      },
      "1": {
        "start": { "line": 4, "column": 2 },
        "end": { "line": 35, "column": null }
      },
      "2": {
        "start": { "line": 4, "column": 19 },
        "end": { "line": 4, "column": 22 }
      },
      "3": {
        "start": { "line": 5, "column": 21 },
        "end": { "line": 5, "column": 44 }
      },
      "4": {
        "start": { "line": 7, "column": 4 },
        "end": { "line": 35, "column": null }
      },
      "5": {
        "start": { "line": 8, "column": 6 },
        "end": { "line": 8, "column": null }
      },
      "6": {
        "start": { "line": 9, "column": 11 },
        "end": { "line": 35, "column": null }
      },
      "7": {
        "start": { "line": 10, "column": 6 },
        "end": { "line": 10, "column": null }
      },
      "8": {
        "start": { "line": 11, "column": 11 },
        "end": { "line": 35, "column": null }
      },
      "9": {
        "start": { "line": 12, "column": 6 },
        "end": { "line": 12, "column": null }
      },
      "10": {
        "start": { "line": 13, "column": 11 },
        "end": { "line": 35, "column": null }
      },
      "11": {
        "start": { "line": 14, "column": 6 },
        "end": { "line": 14, "column": null }
      },
      "12": {
        "start": { "line": 15, "column": 11 },
        "end": { "line": 35, "column": null }
      },
      "13": {
        "start": { "line": 16, "column": 6 },
        "end": { "line": 16, "column": null }
      },
      "14": {
        "start": { "line": 17, "column": 11 },
        "end": { "line": 35, "column": null }
      },
      "15": {
        "start": { "line": 18, "column": 6 },
        "end": { "line": 18, "column": null }
      },
      "16": {
        "start": { "line": 19, "column": 11 },
        "end": { "line": 35, "column": null }
      },
      "17": {
        "start": { "line": 20, "column": 6 },
        "end": { "line": 20, "column": null }
      },
      "18": {
        "start": { "line": 21, "column": 11 },
        "end": { "line": 35, "column": null }
      },
      "19": {
        "start": { "line": 22, "column": 6 },
        "end": { "line": 22, "column": null }
      },
      "20": {
        "start": { "line": 23, "column": 11 },
        "end": { "line": 35, "column": null }
      },
      "21": {
        "start": { "line": 24, "column": 27 },
        "end": { "line": 24, "column": 54 }
      },
      "22": {
        "start": { "line": 26, "column": 6 },
        "end": { "line": 30, "column": null }
      },
      "23": {
        "start": { "line": 27, "column": 8 },
        "end": { "line": 27, "column": null }
      },
      "24": {
        "start": { "line": 28, "column": 8 },
        "end": { "line": 28, "column": null }
      },
      "25": {
        "start": { "line": 30, "column": 8 },
        "end": { "line": 30, "column": null }
      },
      "26": {
        "start": { "line": 32, "column": 11 },
        "end": { "line": 35, "column": null }
      },
      "27": {
        "start": { "line": 33, "column": 6 },
        "end": { "line": 33, "column": null }
      },
      "28": {
        "start": { "line": 35, "column": 6 },
        "end": { "line": 35, "column": null }
      },
      "29": {
        "start": { "line": 39, "column": 2 },
        "end": { "line": 39, "column": null }
      },
      "30": {
        "start": { "line": 43, "column": 2 },
        "end": { "line": 46, "column": null }
      },
      "31": {
        "start": { "line": 44, "column": 4 },
        "end": { "line": 46, "column": null }
      },
      "32": {
        "start": { "line": 49, "column": 2 },
        "end": { "line": 50, "column": null }
      },
      "33": {
        "start": { "line": 50, "column": 4 },
        "end": { "line": 50, "column": null }
      },
      "34": {
        "start": { "line": 53, "column": 2 },
        "end": { "line": 53, "column": null }
      },
      "35": {
        "start": { "line": 57, "column": 2 },
        "end": { "line": 57, "column": null }
      }
    },
    "fnMap": {
      "0": {
        "name": "canonicalizeString",
        "decl": {
          "start": { "line": 1, "column": 16 },
          "end": { "line": 1, "column": 35 }
        },
        "loc": {
          "start": { "line": 1, "column": 58 },
          "end": { "line": 39, "column": null }
        },
        "line": 1
      },
      "1": {
        "name": "canonicalizeNumber",
        "decl": {
          "start": { "line": 42, "column": 16 },
          "end": { "line": 42, "column": 35 }
        },
        "loc": {
          "start": { "line": 42, "column": 58 },
          "end": { "line": 53, "column": null }
        },
        "line": 42
      },
      "2": {
        "name": "sortObjectKeys",
        "decl": {
          "start": { "line": 56, "column": 16 },
          "end": { "line": 56, "column": 31 }
        },
        "loc": {
          "start": { "line": 56, "column": 74 },
          "end": { "line": 57, "column": null }
        },
        "line": 56
      }
    },
    "branchMap": {
      "0": {
        "loc": {
          "start": { "line": 7, "column": 4 },
          "end": { "line": 35, "column": null }
        },
        "type": "if",
        "locations": [
          {
            "start": { "line": 7, "column": 4 },
            "end": { "line": 35, "column": null }
          },
          {
            "start": { "line": 9, "column": 11 },
            "end": { "line": 35, "column": null }
          }
        ],
        "line": 7
      },
      "1": {
        "loc": {
          "start": { "line": 9, "column": 11 },
          "end": { "line": 35, "column": null }
        },
        "type": "if",
        "locations": [
          {
            "start": { "line": 9, "column": 11 },
            "end": { "line": 35, "column": null }
          },
          {
            "start": { "line": 11, "column": 11 },
            "end": { "line": 35, "column": null }
          }
        ],
        "line": 9
      },
      "2": {
        "loc": {
          "start": { "line": 11, "column": 11 },
          "end": { "line": 35, "column": null }
        },
        "type": "if",
        "locations": [
          {
            "start": { "line": 11, "column": 11 },
            "end": { "line": 35, "column": null }
          },
          {
            "start": { "line": 13, "column": 11 },
            "end": { "line": 35, "column": null }
          }
        ],
        "line": 11
      },
      "3": {
        "loc": {
          "start": { "line": 13, "column": 11 },
          "end": { "line": 35, "column": null }
        },
        "type": "if",
        "locations": [
          {
            "start": { "line": 13, "column": 11 },
            "end": { "line": 35, "column": null }
          },
          {
            "start": { "line": 15, "column": 11 },
            "end": { "line": 35, "column": null }
          }
        ],
        "line": 13
      },
      "4": {
        "loc": {
          "start": { "line": 15, "column": 11 },
          "end": { "line": 35, "column": null }
        },
        "type": "if",
        "locations": [
          {
            "start": { "line": 15, "column": 11 },
            "end": { "line": 35, "column": null }
          },
          {
            "start": { "line": 17, "column": 11 },
            "end": { "line": 35, "column": null }
          }
        ],
        "line": 15
      },
      "5": {
        "loc": {
          "start": { "line": 17, "column": 11 },
          "end": { "line": 35, "column": null }
        },
        "type": "if",
        "locations": [
          {
            "start": { "line": 17, "column": 11 },
            "end": { "line": 35, "column": null }
          },
          {
            "start": { "line": 19, "column": 11 },
            "end": { "line": 35, "column": null }
          }
        ],
        "line": 17
      },
      "6": {
        "loc": {
          "start": { "line": 19, "column": 11 },
          "end": { "line": 35, "column": null }
        },
        "type": "if",
        "locations": [
          {
            "start": { "line": 19, "column": 11 },
            "end": { "line": 35, "column": null }
          },
          {
            "start": { "line": 21, "column": 11 },
            "end": { "line": 35, "column": null }
          }
        ],
        "line": 19
      },
      "7": {
        "loc": {
          "start": { "line": 21, "column": 11 },
          "end": { "line": 35, "column": null }
        },
        "type": "if",
        "locations": [
          {
            "start": { "line": 21, "column": 11 },
            "end": { "line": 35, "column": null }
          },
          {
            "start": { "line": 23, "column": 11 },
            "end": { "line": 35, "column": null }
          }
        ],
        "line": 21
      },
      "8": {
        "loc": {
          "start": { "line": 23, "column": 11 },
          "end": { "line": 35, "column": null }
        },
        "type": "if",
        "locations": [
          {
            "start": { "line": 23, "column": 11 },
            "end": { "line": 35, "column": null }
          },
          {
            "start": { "line": 32, "column": 11 },
            "end": { "line": 35, "column": null }
          }
        ],
        "line": 23
      },
      "9": {
        "loc": {
          "start": { "line": 23, "column": 15 },
          "end": { "line": 23, "column": 57 }
        },
        "type": "binary-expr",
        "locations": [
          {
            "start": { "line": 23, "column": 15 },
            "end": { "line": 23, "column": 37 }
          },
          {
            "start": { "line": 23, "column": 37 },
            "end": { "line": 23, "column": 57 }
          }
        ],
        "line": 23
      },
      "10": {
        "loc": {
          "start": { "line": 26, "column": 6 },
          "end": { "line": 30, "column": null }
        },
        "type": "if",
        "locations": [
          {
            "start": { "line": 26, "column": 6 },
            "end": { "line": 30, "column": null }
          },
          {
            "start": { "line": 29, "column": 13 },
            "end": { "line": 30, "column": null }
          }
        ],
        "line": 26
      },
      "11": {
        "loc": {
          "start": { "line": 26, "column": 10 },
          "end": { "line": 26, "column": 60 }
        },
        "type": "binary-expr",
        "locations": [
          {
            "start": { "line": 26, "column": 10 },
            "end": { "line": 26, "column": 36 }
          },
          {
            "start": { "line": 26, "column": 36 },
            "end": { "line": 26, "column": 60 }
          }
        ],
        "line": 26
      },
      "12": {
        "loc": {
          "start": { "line": 32, "column": 11 },
          "end": { "line": 35, "column": null }
        },
        "type": "if",
        "locations": [
          {
            "start": { "line": 32, "column": 11 },
            "end": { "line": 35, "column": null }
          },
          {
            "start": { "line": 34, "column": 11 },
            "end": { "line": 35, "column": null }
          }
        ],
        "line": 32
      },
      "13": {
        "loc": {
          "start": { "line": 32, "column": 15 },
          "end": { "line": 32, "column": 57 }
        },
        "type": "binary-expr",
        "locations": [
          {
            "start": { "line": 32, "column": 15 },
            "end": { "line": 32, "column": 37 }
          },
          {
            "start": { "line": 32, "column": 37 },
            "end": { "line": 32, "column": 57 }
          }
        ],
        "line": 32
      },
      "14": {
        "loc": {
          "start": { "line": 43, "column": 2 },
          "end": { "line": 46, "column": null }
        },
        "type": "if",
        "locations": [
          {
            "start": { "line": 43, "column": 2 },
            "end": { "line": 46, "column": null }
          },
          { "start": {}, "end": {} }
        ],
        "line": 43
      },
      "15": {
        "loc": {
          "start": { "line": 49, "column": 2 },
          "end": { "line": 50, "column": null }
        },
        "type": "if",
        "locations": [
          {
            "start": { "line": 49, "column": 2 },
            "end": { "line": 50, "column": null }
          },
          { "start": {}, "end": {} }
        ],
        "line": 49
      }
    },
    "s": {
      "0": 117,
      "1": 117,
      "2": 117,
      "3": 2794,
      "4": 2794,
      "5": 3,
      "6": 2791,
      "7": 3,
      "8": 2788,
      "9": 1,
      "10": 2787,
      "11": 1,
      "12": 2786,
      "13": 3,
      "14": 2783,
      "15": 1,
      "16": 2782,
      "17": 1,
      "18": 2781,
      "19": 2,
      "20": 2779,
      "21": 4,
      "22": 4,
      "23": 2,
      "24": 2,
      "25": 2,
      "26": 2775,
      "27": 2,
      "28": 2773,
      "29": 117,
      "30": 292,
      "31": 4,
      "32": 288,
      "33": 12,
      "34": 276,
      "35": 88
    },
    "f": { "0": 117, "1": 292, "2": 88 },
    "b": {
      "0": [3, 2791],
      "1": [3, 2788],
      "2": [1, 2787],
      "3": [1, 2786],
      "4": [3, 2783],
      "5": [1, 2782],
      "6": [1, 2781],
      "7": [2, 2779],
      "8": [4, 2775],
      "9": [2779, 6],
      "10": [2, 2],
      "11": [4, 2],
      "12": [2, 2773],
      "13": [2775, 2],
      "14": [4, 288],
      "15": [12, 276]
    },
    "meta": {
      "lastBranch": 16,
      "lastFunction": 3,
      "lastStatement": 36,
      "seen": {
        "f:1:16:1:35": 0,
        "s:2:15:2:Infinity": 0,
        "s:4:2:35:Infinity": 1,
        "s:4:19:4:22": 2,
        "s:5:21:5:44": 3,
        "b:7:4:35:Infinity:9:11:35:Infinity": 0,
        "s:7:4:35:Infinity": 4,
        "s:8:6:8:Infinity": 5,
        "b:9:11:35:Infinity:11:11:35:Infinity": 1,
        "s:9:11:35:Infinity": 6,
        "s:10:6:10:Infinity": 7,
        "b:11:11:35:Infinity:13:11:35:Infinity": 2,
        "s:11:11:35:Infinity": 8,
        "s:12:6:12:Infinity": 9,
        "b:13:11:35:Infinity:15:11:35:Infinity": 3,
        "s:13:11:35:Infinity": 10,
        "s:14:6:14:Infinity": 11,
        "b:15:11:35:Infinity:17:11:35:Infinity": 4,
        "s:15:11:35:Infinity": 12,
        "s:16:6:16:Infinity": 13,
        "b:17:11:35:Infinity:19:11:35:Infinity": 5,
        "s:17:11:35:Infinity": 14,
        "s:18:6:18:Infinity": 15,
        "b:19:11:35:Infinity:21:11:35:Infinity": 6,
        "s:19:11:35:Infinity": 16,
        "s:20:6:20:Infinity": 17,
        "b:21:11:35:Infinity:23:11:35:Infinity": 7,
        "s:21:11:35:Infinity": 18,
        "s:22:6:22:Infinity": 19,
        "b:23:11:35:Infinity:32:11:35:Infinity": 8,
        "s:23:11:35:Infinity": 20,
        "b:23:15:23:37:23:37:23:57": 9,
        "s:24:27:24:54": 21,
        "b:26:6:30:Infinity:29:13:30:Infinity": 10,
        "s:26:6:30:Infinity": 22,
        "b:26:10:26:36:26:36:26:60": 11,
        "s:27:8:27:Infinity": 23,
        "s:28:8:28:Infinity": 24,
        "s:30:8:30:Infinity": 25,
        "b:32:11:35:Infinity:34:11:35:Infinity": 12,
        "s:32:11:35:Infinity": 26,
        "b:32:15:32:37:32:37:32:57": 13,
        "s:33:6:33:Infinity": 27,
        "s:35:6:35:Infinity": 28,
        "s:39:2:39:Infinity": 29,
        "f:42:16:42:35": 1,
        "b:43:2:46:Infinity:undefined:undefined:undefined:undefined": 14,
        "s:43:2:46:Infinity": 30,
        "s:44:4:46:Infinity": 31,
        "b:49:2:50:Infinity:undefined:undefined:undefined:undefined": 15,
        "s:49:2:50:Infinity": 32,
        "s:50:4:50:Infinity": 33,
        "s:53:2:53:Infinity": 34,
        "f:56:16:56:31": 2,
        "s:57:2:57:Infinity": 35
      }
    }
  },
  "/home/arcka/code/encoding-play/packages/hbs/src/index.ts": {
    "path": "/home/arcka/code/encoding-play/packages/hbs/src/index.ts",
    "statementMap": {
      "0": {
        "start": { "line": 10, "column": 2 },
        "end": { "line": 10, "column": null }
      },
      "1": {
        "start": { "line": 11, "column": 22 },
        "end": { "line": 11, "column": null }
      },
      "2": {
        "start": { "line": 87, "column": 2 },
        "end": { "line": 87, "column": null }
      },
      "3": {
        "start": { "line": 91, "column": 2 },
        "end": { "line": 92, "column": null }
      },
      "4": {
        "start": { "line": 92, "column": 4 },
        "end": { "line": 92, "column": null }
      },
      "5": {
        "start": { "line": 94, "column": 2 },
        "end": { "line": 95, "column": null }
      },
      "6": {
        "start": { "line": 95, "column": 4 },
        "end": { "line": 95, "column": null }
      },
      "7": {
        "start": { "line": 97, "column": 2 },
        "end": { "line": 98, "column": null }
      },
      "8": {
        "start": { "line": 98, "column": 4 },
        "end": { "line": 98, "column": null }
      },
      "9": {
        "start": { "line": 100, "column": 2 },
        "end": { "line": 101, "column": null }
      },
      "10": {
        "start": { "line": 101, "column": 4 },
        "end": { "line": 101, "column": null }
      },
      "11": {
        "start": { "line": 104, "column": 14 },
        "end": { "line": 104, "column": null }
      },
      "12": {
        "start": { "line": 105, "column": 12 },
        "end": { "line": 105, "column": null }
      },
      "13": {
        "start": { "line": 107, "column": 2 },
        "end": { "line": 109, "column": null }
      },
      "14": {
        "start": { "line": 108, "column": 4 },
        "end": { "line": 108, "column": null }
      },
      "15": {
        "start": { "line": 109, "column": 4 },
        "end": { "line": 109, "column": null }
      },
      "16": {
        "start": { "line": 112, "column": 2 },
        "end": { "line": 112, "column": null }
      },
      "17": {
        "start": { "line": 116, "column": 2 },
        "end": { "line": 123, "column": null }
      },
      "18": {
        "start": { "line": 117, "column": 18 },
        "end": { "line": 117, "column": 43 }
      },
      "19": {
        "start": { "line": 119, "column": 4 },
        "end": { "line": 120, "column": null }
      },
      "20": {
        "start": { "line": 120, "column": 6 },
        "end": { "line": 120, "column": null }
      },
      "21": {
        "start": { "line": 123, "column": 4 },
        "end": { "line": 123, "column": null }
      },
      "22": {
        "start": { "line": 126, "column": 16 },
        "end": { "line": 126, "column": 48 }
      },
      "23": {
        "start": { "line": 128, "column": 2 },
        "end": { "line": 129, "column": null }
      },
      "24": {
        "start": { "line": 129, "column": 4 },
        "end": { "line": 129, "column": null }
      },
      "25": {
        "start": { "line": 132, "column": 17 },
        "end": { "line": 132, "column": null }
      },
      "26": {
        "start": { "line": 134, "column": 2 },
        "end": { "line": 135, "column": null }
      },
      "27": {
        "start": { "line": 135, "column": 4 },
        "end": { "line": 135, "column": null }
      },
      "28": {
        "start": { "line": 138, "column": 14 },
        "end": { "line": 138, "column": null }
      },
      "29": {
        "start": { "line": 140, "column": 2 },
        "end": { "line": 148, "column": null }
      },
      "30": {
        "start": { "line": 141, "column": 14 },
        "end": { "line": 141, "column": 41 }
      },
      "31": {
        "start": { "line": 144, "column": 4 },
        "end": { "line": 145, "column": null }
      },
      "32": {
        "start": { "line": 148, "column": 4 },
        "end": { "line": 148, "column": null }
      },
      "33": {
        "start": { "line": 151, "column": 2 },
        "end": { "line": 152, "column": null }
      },
      "34": {
        "start": { "line": 152, "column": 4 },
        "end": { "line": 152, "column": null }
      },
      "35": {
        "start": { "line": 155, "column": 2 },
        "end": { "line": 155, "column": null }
      },
      "36": {
        "start": { "line": 162, "column": 2 },
        "end": { "line": 169, "column": null }
      },
      "37": {
        "start": { "line": 164, "column": 6 },
        "end": { "line": 164, "column": null }
      },
      "38": {
        "start": { "line": 167, "column": 6 },
        "end": { "line": 167, "column": null }
      },
      "39": {
        "start": { "line": 173, "column": 2 },
        "end": { "line": 174, "column": null }
      },
      "40": {
        "start": { "line": 174, "column": 4 },
        "end": { "line": 174, "column": null }
      },
      "41": {
        "start": { "line": 177, "column": 27 },
        "end": { "line": 183, "column": null }
      },
      "42": {
        "start": { "line": 185, "column": 8 },
        "end": { "line": 198, "column": null }
      },
      "43": {
        "start": { "line": 186, "column": 4 },
        "end": { "line": 187, "column": null }
      },
      "44": {
        "start": { "line": 187, "column": 6 },
        "end": { "line": 187, "column": null }
      },
      "45": {
        "start": { "line": 190, "column": 16 },
        "end": { "line": 190, "column": 39 }
      },
      "46": {
        "start": { "line": 192, "column": 4 },
        "end": { "line": 195, "column": null }
      },
      "47": {
        "start": { "line": 193, "column": 6 },
        "end": { "line": 193, "column": null }
      },
      "48": {
        "start": { "line": 194, "column": 6 },
        "end": { "line": 194, "column": null }
      },
      "49": {
        "start": { "line": 195, "column": 6 },
        "end": { "line": 195, "column": null }
      },
      "50": {
        "start": { "line": 198, "column": 4 },
        "end": { "line": 198, "column": null }
      },
      "51": {
        "start": { "line": 201, "column": 8 },
        "end": { "line": 240, "column": null }
      },
      "52": {
        "start": { "line": 204, "column": 4 },
        "end": { "line": 221, "column": null }
      },
      "53": {
        "start": { "line": 205, "column": 12 },
        "end": { "line": 205, "column": 47 }
      },
      "54": {
        "start": { "line": 206, "column": 18 },
        "end": { "line": 206, "column": 48 }
      },
      "55": {
        "start": { "line": 208, "column": 6 },
        "end": { "line": 214, "column": null }
      },
      "56": {
        "start": { "line": 209, "column": 8 },
        "end": { "line": 209, "column": null }
      },
      "57": {
        "start": { "line": 210, "column": 8 },
        "end": { "line": 210, "column": null }
      },
      "58": {
        "start": { "line": 211, "column": 8 },
        "end": { "line": 214, "column": null }
      },
      "59": {
        "start": { "line": 217, "column": 6 },
        "end": { "line": 221, "column": null }
      },
      "60": {
        "start": { "line": 224, "column": 10 },
        "end": { "line": 224, "column": 45 }
      },
      "61": {
        "start": { "line": 225, "column": 16 },
        "end": { "line": 225, "column": 46 }
      },
      "62": {
        "start": { "line": 227, "column": 4 },
        "end": { "line": 233, "column": null }
      },
      "63": {
        "start": { "line": 228, "column": 6 },
        "end": { "line": 228, "column": null }
      },
      "64": {
        "start": { "line": 229, "column": 6 },
        "end": { "line": 229, "column": null }
      },
      "65": {
        "start": { "line": 230, "column": 6 },
        "end": { "line": 233, "column": null }
      },
      "66": {
        "start": { "line": 236, "column": 4 },
        "end": { "line": 240, "column": null }
      },
      "67": {
        "start": { "line": 243, "column": 8 },
        "end": { "line": 247, "column": null }
      },
      "68": {
        "start": { "line": 244, "column": 17 },
        "end": { "line": 244, "column": 34 }
      },
      "69": {
        "start": { "line": 245, "column": 18 },
        "end": { "line": 245, "column": null }
      },
      "70": {
        "start": { "line": 247, "column": 4 },
        "end": { "line": 247, "column": null }
      },
      "71": {
        "start": { "line": 250, "column": 8 },
        "end": { "line": 255, "column": null }
      },
      "72": {
        "start": { "line": 251, "column": 4 },
        "end": { "line": 252, "column": null }
      },
      "73": {
        "start": { "line": 252, "column": 6 },
        "end": { "line": 252, "column": null }
      },
      "74": {
        "start": { "line": 255, "column": 4 },
        "end": { "line": 255, "column": null }
      },
      "75": {
        "start": { "line": 255, "column": 38 },
        "end": { "line": 255, "column": 59 }
      },
      "76": {
        "start": { "line": 258, "column": 8 },
        "end": { "line": 275, "column": null }
      },
      "77": {
        "start": { "line": 259, "column": 4 },
        "end": { "line": 260, "column": null }
      },
      "78": {
        "start": { "line": 260, "column": 6 },
        "end": { "line": 260, "column": null }
      },
      "79": {
        "start": { "line": 263, "column": 4 },
        "end": { "line": 264, "column": null }
      },
      "80": {
        "start": { "line": 263, "column": 31 },
        "end": { "line": 263, "column": 50 }
      },
      "81": {
        "start": { "line": 264, "column": 6 },
        "end": { "line": 264, "column": null }
      },
      "82": {
        "start": { "line": 267, "column": 10 },
        "end": { "line": 267, "column": 68 }
      },
      "83": {
        "start": { "line": 269, "column": 4 },
        "end": { "line": 271, "column": null }
      },
      "84": {
        "start": { "line": 270, "column": 6 },
        "end": { "line": 271, "column": null }
      },
      "85": {
        "start": { "line": 271, "column": 8 },
        "end": { "line": 271, "column": null }
      },
      "86": {
        "start": { "line": 275, "column": 4 },
        "end": { "line": 275, "column": null }
      },
      "87": {
        "start": { "line": 278, "column": 8 },
        "end": { "line": 356, "column": null }
      },
      "88": {
        "start": { "line": 282, "column": 4 },
        "end": { "line": 300, "column": null }
      },
      "89": {
        "start": { "line": 282, "column": 32 },
        "end": { "line": 282, "column": 58 }
      },
      "90": {
        "start": { "line": 283, "column": 22 },
        "end": { "line": 284, "column": null }
      },
      "91": {
        "start": { "line": 284, "column": 20 },
        "end": { "line": 284, "column": 73 }
      },
      "92": {
        "start": { "line": 286, "column": 21 },
        "end": { "line": 286, "column": null }
      },
      "93": {
        "start": { "line": 288, "column": 6 },
        "end": { "line": 300, "column": null }
      },
      "94": {
        "start": { "line": 294, "column": 23 },
        "end": { "line": 294, "column": 50 }
      },
      "95": {
        "start": { "line": 296, "column": 10 },
        "end": { "line": 298, "column": null }
      },
      "96": {
        "start": { "line": 303, "column": 4 },
        "end": { "line": 321, "column": null }
      },
      "97": {
        "start": { "line": 303, "column": 32 },
        "end": { "line": 303, "column": 58 }
      },
      "98": {
        "start": { "line": 304, "column": 22 },
        "end": { "line": 305, "column": null }
      },
      "99": {
        "start": { "line": 305, "column": 20 },
        "end": { "line": 305, "column": 73 }
      },
      "100": {
        "start": { "line": 307, "column": 21 },
        "end": { "line": 307, "column": null }
      },
      "101": {
        "start": { "line": 309, "column": 6 },
        "end": { "line": 321, "column": null }
      },
      "102": {
        "start": { "line": 315, "column": 23 },
        "end": { "line": 315, "column": 50 }
      },
      "103": {
        "start": { "line": 317, "column": 10 },
        "end": { "line": 319, "column": null }
      },
      "104": {
        "start": { "line": 324, "column": 4 },
        "end": { "line": 328, "column": null }
      },
      "105": {
        "start": { "line": 324, "column": 32 },
        "end": { "line": 324, "column": 47 }
      },
      "106": {
        "start": { "line": 325, "column": 6 },
        "end": { "line": 328, "column": null }
      },
      "107": {
        "start": { "line": 327, "column": 26 },
        "end": { "line": 327, "column": null }
      },
      "108": {
        "start": { "line": 331, "column": 4 },
        "end": { "line": 335, "column": null }
      },
      "109": {
        "start": { "line": 331, "column": 32 },
        "end": { "line": 331, "column": 48 }
      },
      "110": {
        "start": { "line": 332, "column": 6 },
        "end": { "line": 335, "column": null }
      },
      "111": {
        "start": { "line": 334, "column": 26 },
        "end": { "line": 334, "column": null }
      },
      "112": {
        "start": { "line": 338, "column": 4 },
        "end": { "line": 342, "column": null }
      },
      "113": {
        "start": { "line": 338, "column": 32 },
        "end": { "line": 338, "column": 47 }
      },
      "114": {
        "start": { "line": 339, "column": 6 },
        "end": { "line": 342, "column": null }
      },
      "115": {
        "start": { "line": 341, "column": 26 },
        "end": { "line": 341, "column": null }
      },
      "116": {
        "start": { "line": 345, "column": 19 },
        "end": { "line": 349, "column": null }
      },
      "117": {
        "start": { "line": 345, "column": 43 },
        "end": { "line": 345, "column": 63 }
      },
      "118": {
        "start": { "line": 347, "column": 32 },
        "end": { "line": 347, "column": 52 }
      },
      "119": {
        "start": { "line": 351, "column": 4 },
        "end": { "line": 356, "column": null }
      },
      "120": {
        "start": { "line": 354, "column": 8 },
        "end": { "line": 354, "column": null }
      },
      "121": {
        "start": { "line": 359, "column": 8 },
        "end": { "line": 399, "column": null }
      },
      "122": {
        "start": { "line": 360, "column": 20 },
        "end": { "line": 364, "column": null }
      },
      "123": {
        "start": { "line": 361, "column": 6 },
        "end": { "line": 363, "column": null }
      },
      "124": {
        "start": { "line": 363, "column": 29 },
        "end": { "line": 363, "column": 67 }
      },
      "125": {
        "start": { "line": 366, "column": 19 },
        "end": { "line": 386, "column": 15 }
      },
      "126": {
        "start": { "line": 368, "column": 8 },
        "end": { "line": 371, "column": null }
      },
      "127": {
        "start": { "line": 369, "column": 24 },
        "end": { "line": 369, "column": null }
      },
      "128": {
        "start": { "line": 371, "column": 10 },
        "end": { "line": 371, "column": null }
      },
      "129": {
        "start": { "line": 374, "column": 8 },
        "end": { "line": 377, "column": null }
      },
      "130": {
        "start": { "line": 375, "column": 24 },
        "end": { "line": 375, "column": null }
      },
      "131": {
        "start": { "line": 377, "column": 10 },
        "end": { "line": 377, "column": null }
      },
      "132": {
        "start": { "line": 380, "column": 8 },
        "end": { "line": 381, "column": null }
      },
      "133": {
        "start": { "line": 381, "column": 10 },
        "end": { "line": 381, "column": null }
      },
      "134": {
        "start": { "line": 384, "column": 8 },
        "end": { "line": 384, "column": null }
      },
      "135": {
        "start": { "line": 387, "column": 17 },
        "end": { "line": 397, "column": 15 }
      },
      "136": {
        "start": { "line": 389, "column": 8 },
        "end": { "line": 395, "column": 19 }
      },
      "137": {
        "start": { "line": 391, "column": 12 },
        "end": { "line": 392, "column": null }
      },
      "138": {
        "start": { "line": 399, "column": 4 },
        "end": { "line": 399, "column": null }
      },
      "139": {
        "start": { "line": 402, "column": 20 },
        "end": { "line": 402, "column": 37 }
      },
      "140": {
        "start": { "line": 404, "column": 8 },
        "end": { "line": 469, "column": null }
      },
      "141": {
        "start": { "line": 405, "column": 4 },
        "end": { "line": 406, "column": null }
      },
      "142": {
        "start": { "line": 406, "column": 6 },
        "end": { "line": 406, "column": null }
      },
      "143": {
        "start": { "line": 408, "column": 4 },
        "end": { "line": 409, "column": null }
      },
      "144": {
        "start": { "line": 409, "column": 6 },
        "end": { "line": 409, "column": null }
      },
      "145": {
        "start": { "line": 411, "column": 4 },
        "end": { "line": 412, "column": null }
      },
      "146": {
        "start": { "line": 412, "column": 6 },
        "end": { "line": 412, "column": null }
      },
      "147": {
        "start": { "line": 414, "column": 4 },
        "end": { "line": 415, "column": null }
      },
      "148": {
        "start": { "line": 415, "column": 6 },
        "end": { "line": 415, "column": null }
      },
      "149": {
        "start": { "line": 417, "column": 4 },
        "end": { "line": 418, "column": null }
      },
      "150": {
        "start": { "line": 418, "column": 6 },
        "end": { "line": 418, "column": null }
      },
      "151": {
        "start": { "line": 420, "column": 4 },
        "end": { "line": 444, "column": null }
      },
      "152": {
        "start": { "line": 421, "column": 6 },
        "end": { "line": 422, "column": null }
      },
      "153": {
        "start": { "line": 422, "column": 8 },
        "end": { "line": 422, "column": null }
      },
      "154": {
        "start": { "line": 425, "column": 6 },
        "end": { "line": 425, "column": null }
      },
      "155": {
        "start": { "line": 427, "column": 6 },
        "end": { "line": 444, "column": null }
      },
      "156": {
        "start": { "line": 428, "column": 8 },
        "end": { "line": 430, "column": null }
      },
      "157": {
        "start": { "line": 428, "column": 25 },
        "end": { "line": 428, "column": 28 }
      },
      "158": {
        "start": { "line": 429, "column": 10 },
        "end": { "line": 430, "column": null }
      },
      "159": {
        "start": { "line": 430, "column": 12 },
        "end": { "line": 430, "column": null }
      },
      "160": {
        "start": { "line": 434, "column": 26 },
        "end": { "line": 434, "column": 54 }
      },
      "161": {
        "start": { "line": 436, "column": 8 },
        "end": { "line": 437, "column": null }
      },
      "162": {
        "start": { "line": 437, "column": 10 },
        "end": { "line": 437, "column": null }
      },
      "163": {
        "start": { "line": 440, "column": 22 },
        "end": { "line": 440, "column": 59 }
      },
      "164": {
        "start": { "line": 440, "column": 42 },
        "end": { "line": 440, "column": 58 }
      },
      "165": {
        "start": { "line": 442, "column": 8 },
        "end": { "line": 442, "column": null }
      },
      "166": {
        "start": { "line": 444, "column": 8 },
        "end": { "line": 444, "column": null }
      },
      "167": {
        "start": { "line": 448, "column": 4 },
        "end": { "line": 465, "column": null }
      },
      "168": {
        "start": { "line": 449, "column": 6 },
        "end": { "line": 450, "column": null }
      },
      "169": {
        "start": { "line": 450, "column": 8 },
        "end": { "line": 450, "column": null }
      },
      "170": {
        "start": { "line": 453, "column": 6 },
        "end": { "line": 453, "column": null }
      },
      "171": {
        "start": { "line": 455, "column": 6 },
        "end": { "line": 465, "column": null }
      },
      "172": {
        "start": { "line": 456, "column": 14 },
        "end": { "line": 457, "column": null }
      },
      "173": {
        "start": { "line": 457, "column": 19 },
        "end": { "line": 457, "column": 36 }
      },
      "174": {
        "start": { "line": 459, "column": 21 },
        "end": { "line": 459, "column": 56 }
      },
      "175": {
        "start": { "line": 459, "column": 44 },
        "end": { "line": 459, "column": 55 }
      },
      "176": {
        "start": { "line": 461, "column": 8 },
        "end": { "line": 463, "column": null }
      },
      "177": {
        "start": { "line": 462, "column": 37 },
        "end": { "line": 462, "column": 75 }
      },
      "178": {
        "start": { "line": 465, "column": 8 },
        "end": { "line": 465, "column": null }
      },
      "179": {
        "start": { "line": 469, "column": 4 },
        "end": { "line": 469, "column": null }
      },
      "180": {
        "start": { "line": 472, "column": 12 },
        "end": { "line": 472, "column": 29 }
      },
      "181": {
        "start": { "line": 473, "column": 12 },
        "end": { "line": 473, "column": 32 }
      },
      "182": {
        "start": { "line": 475, "column": 4 },
        "end": { "line": 477, "column": null }
      },
      "183": {
        "start": { "line": 478, "column": 12 },
        "end": { "line": 484, "column": null }
      },
      "184": {
        "start": { "line": 481, "column": 10 },
        "end": { "line": 481, "column": 65 }
      },
      "185": {
        "start": { "line": 486, "column": 12 },
        "end": { "line": 486, "column": 66 }
      },
      "186": {
        "start": { "line": 486, "column": 49 },
        "end": { "line": 486, "column": 57 }
      },
      "187": {
        "start": { "line": 487, "column": 15 },
        "end": { "line": 487, "column": null }
      },
      "188": {
        "start": { "line": 488, "column": 14 },
        "end": { "line": 490, "column": null }
      },
      "189": {
        "start": { "line": 493, "column": 2 },
        "end": { "line": 493, "column": null }
      },
      "190": {
        "start": { "line": 497, "column": 16 },
        "end": { "line": 497, "column": 79 }
      },
      "191": {
        "start": { "line": 499, "column": 2 },
        "end": { "line": 500, "column": null }
      },
      "192": {
        "start": { "line": 500, "column": 4 },
        "end": { "line": 500, "column": null }
      },
      "193": {
        "start": { "line": 511, "column": 6 },
        "end": { "line": 511, "column": null }
      },
      "194": {
        "start": { "line": 513, "column": 18 },
        "end": { "line": 513, "column": 36 }
      },
      "195": {
        "start": { "line": 514, "column": 20 },
        "end": { "line": 514, "column": 40 }
      },
      "196": {
        "start": { "line": 515, "column": 18 },
        "end": { "line": 515, "column": 36 }
      },
      "197": {
        "start": { "line": 516, "column": 20 },
        "end": { "line": 516, "column": 40 }
      },
      "198": {
        "start": { "line": 521, "column": 2 },
        "end": { "line": 522, "column": null }
      },
      "199": {
        "start": { "line": 522, "column": 4 },
        "end": { "line": 522, "column": null }
      },
      "200": {
        "start": { "line": 525, "column": 20 },
        "end": { "line": 525, "column": null }
      },
      "201": {
        "start": { "line": 526, "column": 19 },
        "end": { "line": 531, "column": null }
      },
      "202": {
        "start": { "line": 533, "column": 12 },
        "end": { "line": 533, "column": 45 }
      },
      "203": {
        "start": { "line": 534, "column": 12 },
        "end": { "line": 534, "column": 63 }
      },
      "204": {
        "start": { "line": 535, "column": 12 },
        "end": { "line": 537, "column": null }
      },
      "205": {
        "start": { "line": 539, "column": 12 },
        "end": { "line": 539, "column": 64 }
      },
      "206": {
        "start": { "line": 540, "column": 15 },
        "end": { "line": 540, "column": 27 }
      },
      "207": {
        "start": { "line": 541, "column": 17 },
        "end": { "line": 541, "column": 31 }
      },
      "208": {
        "start": { "line": 543, "column": 2 },
        "end": { "line": 548, "column": null }
      },
      "209": {
        "start": { "line": 548, "column": 4 },
        "end": { "line": 548, "column": null }
      },
      "210": {
        "start": { "line": 551, "column": 16 },
        "end": { "line": 551, "column": 48 }
      },
      "211": {
        "start": { "line": 552, "column": 24 },
        "end": { "line": 552, "column": 26 }
      },
      "212": {
        "start": { "line": 553, "column": 16 },
        "end": { "line": 553, "column": 63 }
      },
      "213": {
        "start": { "line": 554, "column": 22 },
        "end": { "line": 558, "column": null }
      },
      "214": {
        "start": { "line": 561, "column": 2 },
        "end": { "line": 568, "column": null }
      },
      "215": {
        "start": { "line": 575, "column": 20 },
        "end": { "line": 575, "column": null }
      },
      "216": {
        "start": { "line": 577, "column": 2 },
        "end": { "line": 584, "column": null }
      },
      "217": {
        "start": { "line": 578, "column": 20 },
        "end": { "line": 578, "column": null }
      },
      "218": {
        "start": { "line": 580, "column": 4 },
        "end": { "line": 581, "column": null }
      },
      "219": {
        "start": { "line": 581, "column": 6 },
        "end": { "line": 581, "column": null }
      },
      "220": {
        "start": { "line": 584, "column": 4 },
        "end": { "line": 584, "column": null }
      },
      "221": {
        "start": { "line": 587, "column": 2 },
        "end": { "line": 587, "column": null }
      },
      "222": {
        "start": { "line": 593, "column": 2 },
        "end": { "line": 593, "column": null }
      },
      "223": {
        "start": { "line": 597, "column": 2 },
        "end": { "line": 598, "column": null }
      },
      "224": {
        "start": { "line": 598, "column": 4 },
        "end": { "line": 598, "column": null }
      },
      "225": {
        "start": { "line": 601, "column": 20 },
        "end": { "line": 601, "column": 48 }
      },
      "226": {
        "start": { "line": 603, "column": 2 },
        "end": { "line": 603, "column": null }
      },
      "227": {
        "start": { "line": 607, "column": 2 },
        "end": { "line": 608, "column": null }
      },
      "228": {
        "start": { "line": 608, "column": 4 },
        "end": { "line": 608, "column": null }
      },
      "229": {
        "start": { "line": 611, "column": 15 },
        "end": { "line": 611, "column": 29 }
      },
      "230": {
        "start": { "line": 613, "column": 2 },
        "end": { "line": 614, "column": null }
      },
      "231": {
        "start": { "line": 613, "column": 25 },
        "end": { "line": 613, "column": 44 }
      },
      "232": {
        "start": { "line": 614, "column": 4 },
        "end": { "line": 614, "column": null }
      },
      "233": {
        "start": { "line": 617, "column": 2 },
        "end": { "line": 618, "column": null }
      },
      "234": {
        "start": { "line": 618, "column": 4 },
        "end": { "line": 618, "column": null }
      },
      "235": {
        "start": { "line": 621, "column": 2 },
        "end": { "line": 621, "column": null }
      },
      "236": {
        "start": { "line": 625, "column": 18 },
        "end": { "line": 625, "column": 46 }
      },
      "237": {
        "start": { "line": 626, "column": 32 },
        "end": { "line": 626, "column": 34 }
      },
      "238": {
        "start": { "line": 627, "column": 12 },
        "end": { "line": 627, "column": null }
      },
      "239": {
        "start": { "line": 629, "column": 8 },
        "end": { "line": 652, "column": null }
      },
      "240": {
        "start": { "line": 630, "column": 4 },
        "end": { "line": 641, "column": null }
      },
      "241": {
        "start": { "line": 631, "column": 18 },
        "end": { "line": 631, "column": 46 }
      },
      "242": {
        "start": { "line": 633, "column": 6 },
        "end": { "line": 634, "column": null }
      },
      "243": {
        "start": { "line": 634, "column": 8 },
        "end": { "line": 634, "column": null }
      },
      "244": {
        "start": { "line": 637, "column": 18 },
        "end": { "line": 637, "column": 44 }
      },
      "245": {
        "start": { "line": 638, "column": 6 },
        "end": { "line": 638, "column": null }
      },
      "246": {
        "start": { "line": 639, "column": 6 },
        "end": { "line": 639, "column": null }
      },
      "247": {
        "start": { "line": 641, "column": 6 },
        "end": { "line": 641, "column": null }
      },
      "248": {
        "start": { "line": 644, "column": 16 },
        "end": { "line": 644, "column": null }
      },
      "249": {
        "start": { "line": 646, "column": 4 },
        "end": { "line": 647, "column": null }
      },
      "250": {
        "start": { "line": 647, "column": 6 },
        "end": { "line": 647, "column": null }
      },
      "251": {
        "start": { "line": 650, "column": 4 },
        "end": { "line": 650, "column": null }
      },
      "252": {
        "start": { "line": 652, "column": 4 },
        "end": { "line": 652, "column": null }
      },
      "253": {
        "start": { "line": 655, "column": 8 },
        "end": { "line": 666, "column": null }
      },
      "254": {
        "start": { "line": 656, "column": 18 },
        "end": { "line": 656, "column": null }
      },
      "255": {
        "start": { "line": 658, "column": 4 },
        "end": { "line": 659, "column": null }
      },
      "256": {
        "start": { "line": 659, "column": 6 },
        "end": { "line": 659, "column": null }
      },
      "257": {
        "start": { "line": 662, "column": 4 },
        "end": { "line": 663, "column": null }
      },
      "258": {
        "start": { "line": 663, "column": 6 },
        "end": { "line": 663, "column": null }
      },
      "259": {
        "start": { "line": 666, "column": 4 },
        "end": { "line": 666, "column": null }
      },
      "260": {
        "start": { "line": 669, "column": 8 },
        "end": { "line": 689, "column": null }
      },
      "261": {
        "start": { "line": 674, "column": 17 },
        "end": { "line": 674, "column": null }
      },
      "262": {
        "start": { "line": 675, "column": 21 },
        "end": { "line": 675, "column": null }
      },
      "263": {
        "start": { "line": 676, "column": 21 },
        "end": { "line": 676, "column": 38 }
      },
      "264": {
        "start": { "line": 678, "column": 4 },
        "end": { "line": 686, "column": null }
      },
      "265": {
        "start": { "line": 679, "column": 6 },
        "end": { "line": 680, "column": null }
      },
      "266": {
        "start": { "line": 680, "column": 8 },
        "end": { "line": 680, "column": null }
      },
      "267": {
        "start": { "line": 683, "column": 19 },
        "end": { "line": 683, "column": null }
      },
      "268": {
        "start": { "line": 685, "column": 6 },
        "end": { "line": 685, "column": null }
      },
      "269": {
        "start": { "line": 686, "column": 6 },
        "end": { "line": 686, "column": null }
      },
      "270": {
        "start": { "line": 689, "column": 4 },
        "end": { "line": 689, "column": null }
      },
      "271": {
        "start": { "line": 692, "column": 8 },
        "end": { "line": 703, "column": null }
      },
      "272": {
        "start": { "line": 693, "column": 4 },
        "end": { "line": 693, "column": null }
      },
      "273": {
        "start": { "line": 694, "column": 16 },
        "end": { "line": 694, "column": 25 }
      },
      "274": {
        "start": { "line": 696, "column": 4 },
        "end": { "line": 697, "column": null }
      },
      "275": {
        "start": { "line": 697, "column": 6 },
        "end": { "line": 697, "column": null }
      },
      "276": {
        "start": { "line": 700, "column": 4 },
        "end": { "line": 700, "column": null }
      },
      "277": {
        "start": { "line": 701, "column": 19 },
        "end": { "line": 701, "column": 45 }
      },
      "278": {
        "start": { "line": 703, "column": 4 },
        "end": { "line": 703, "column": null }
      },
      "279": {
        "start": { "line": 706, "column": 8 },
        "end": { "line": 747, "column": null }
      },
      "280": {
        "start": { "line": 707, "column": 4 },
        "end": { "line": 708, "column": null }
      },
      "281": {
        "start": { "line": 708, "column": 6 },
        "end": { "line": 708, "column": null }
      },
      "282": {
        "start": { "line": 711, "column": 4 },
        "end": { "line": 711, "column": null }
      },
      "283": {
        "start": { "line": 712, "column": 19 },
        "end": { "line": 712, "column": 28 }
      },
      "284": {
        "start": { "line": 713, "column": 19 },
        "end": { "line": 713, "column": null }
      },
      "285": {
        "start": { "line": 715, "column": 4 },
        "end": { "line": 732, "column": null }
      },
      "286": {
        "start": { "line": 716, "column": 23 },
        "end": { "line": 716, "column": null }
      },
      "287": {
        "start": { "line": 717, "column": 20 },
        "end": { "line": 717, "column": null }
      },
      "288": {
        "start": { "line": 719, "column": 6 },
        "end": { "line": 720, "column": null }
      },
      "289": {
        "start": { "line": 720, "column": 8 },
        "end": { "line": 720, "column": null }
      },
      "290": {
        "start": { "line": 723, "column": 6 },
        "end": { "line": 724, "column": null }
      },
      "291": {
        "start": { "line": 724, "column": 8 },
        "end": { "line": 724, "column": null }
      },
      "292": {
        "start": { "line": 727, "column": 6 },
        "end": { "line": 732, "column": null }
      },
      "293": {
        "start": { "line": 735, "column": 4 },
        "end": { "line": 740, "column": null }
      },
      "294": {
        "start": { "line": 736, "column": 6 },
        "end": { "line": 740, "column": null }
      },
      "295": {
        "start": { "line": 743, "column": 4 },
        "end": { "line": 744, "column": null }
      },
      "296": {
        "start": { "line": 744, "column": 6 },
        "end": { "line": 744, "column": null }
      },
      "297": {
        "start": { "line": 747, "column": 4 },
        "end": { "line": 747, "column": null }
      },
      "298": {
        "start": { "line": 750, "column": 8 },
        "end": { "line": 782, "column": null }
      },
      "299": {
        "start": { "line": 751, "column": 4 },
        "end": { "line": 752, "column": null }
      },
      "300": {
        "start": { "line": 752, "column": 6 },
        "end": { "line": 752, "column": null }
      },
      "301": {
        "start": { "line": 755, "column": 4 },
        "end": { "line": 759, "column": null }
      },
      "302": {
        "start": { "line": 756, "column": 20 },
        "end": { "line": 756, "column": null }
      },
      "303": {
        "start": { "line": 757, "column": 18 },
        "end": { "line": 757, "column": 27 }
      },
      "304": {
        "start": { "line": 759, "column": 6 },
        "end": { "line": 759, "column": null }
      },
      "305": {
        "start": { "line": 762, "column": 4 },
        "end": { "line": 779, "column": null }
      },
      "306": {
        "start": { "line": 763, "column": 20 },
        "end": { "line": 763, "column": null }
      },
      "307": {
        "start": { "line": 764, "column": 18 },
        "end": { "line": 764, "column": 27 }
      },
      "308": {
        "start": { "line": 766, "column": 6 },
        "end": { "line": 767, "column": null }
      },
      "309": {
        "start": { "line": 767, "column": 8 },
        "end": { "line": 767, "column": null }
      },
      "310": {
        "start": { "line": 770, "column": 6 },
        "end": { "line": 770, "column": null }
      },
      "311": {
        "start": { "line": 771, "column": 21 },
        "end": { "line": 771, "column": 53 }
      },
      "312": {
        "start": { "line": 773, "column": 6 },
        "end": { "line": 774, "column": null }
      },
      "313": {
        "start": { "line": 774, "column": 8 },
        "end": { "line": 774, "column": null }
      },
      "314": {
        "start": { "line": 777, "column": 6 },
        "end": { "line": 777, "column": null }
      },
      "315": {
        "start": { "line": 779, "column": 6 },
        "end": { "line": 779, "column": null }
      },
      "316": {
        "start": { "line": 782, "column": 4 },
        "end": { "line": 782, "column": null }
      },
      "317": {
        "start": { "line": 785, "column": 8 },
        "end": { "line": 828, "column": null }
      },
      "318": {
        "start": { "line": 786, "column": 4 },
        "end": { "line": 786, "column": null }
      },
      "319": {
        "start": { "line": 787, "column": 21 },
        "end": { "line": 787, "column": 51 }
      },
      "320": {
        "start": { "line": 789, "column": 4 },
        "end": { "line": 790, "column": null }
      },
      "321": {
        "start": { "line": 790, "column": 6 },
        "end": { "line": 790, "column": null }
      },
      "322": {
        "start": { "line": 793, "column": 4 },
        "end": { "line": 793, "column": null }
      },
      "323": {
        "start": { "line": 794, "column": 21 },
        "end": { "line": 794, "column": 51 }
      },
      "324": {
        "start": { "line": 796, "column": 4 },
        "end": { "line": 797, "column": null }
      },
      "325": {
        "start": { "line": 797, "column": 6 },
        "end": { "line": 797, "column": null }
      },
      "326": {
        "start": { "line": 800, "column": 4 },
        "end": { "line": 800, "column": null }
      },
      "327": {
        "start": { "line": 801, "column": 35 },
        "end": { "line": 801, "column": 37 }
      },
      "328": {
        "start": { "line": 803, "column": 4 },
        "end": { "line": 804, "column": null }
      },
      "329": {
        "start": { "line": 803, "column": 21 },
        "end": { "line": 803, "column": 24 }
      },
      "330": {
        "start": { "line": 804, "column": 6 },
        "end": { "line": 804, "column": null }
      },
      "331": {
        "start": { "line": 807, "column": 4 },
        "end": { "line": 808, "column": null }
      },
      "332": {
        "start": { "line": 808, "column": 6 },
        "end": { "line": 808, "column": null }
      },
      "333": {
        "start": { "line": 811, "column": 4 },
        "end": { "line": 811, "column": null }
      },
      "334": {
        "start": { "line": 812, "column": 27 },
        "end": { "line": 812, "column": 29 }
      },
      "335": {
        "start": { "line": 814, "column": 4 },
        "end": { "line": 825, "column": null }
      },
      "336": {
        "start": { "line": 814, "column": 24 },
        "end": { "line": 814, "column": 27 }
      },
      "337": {
        "start": { "line": 815, "column": 26 },
        "end": { "line": 815, "column": 28 }
      },
      "338": {
        "start": { "line": 817, "column": 6 },
        "end": { "line": 821, "column": null }
      },
      "339": {
        "start": { "line": 818, "column": 21 },
        "end": { "line": 818, "column": 42 }
      },
      "340": {
        "start": { "line": 820, "column": 8 },
        "end": { "line": 821, "column": null }
      },
      "341": {
        "start": { "line": 821, "column": 10 },
        "end": { "line": 821, "column": null }
      },
      "342": {
        "start": { "line": 825, "column": 6 },
        "end": { "line": 825, "column": null }
      },
      "343": {
        "start": { "line": 828, "column": 4 },
        "end": { "line": 828, "column": null }
      },
      "344": {
        "start": { "line": 831, "column": 8 },
        "end": { "line": 906, "column": null }
      },
      "345": {
        "start": { "line": 832, "column": 18 },
        "end": { "line": 832, "column": null }
      },
      "346": {
        "start": { "line": 834, "column": 4 },
        "end": { "line": 855, "column": null }
      },
      "347": {
        "start": { "line": 835, "column": 6 },
        "end": { "line": 835, "column": null }
      },
      "348": {
        "start": { "line": 836, "column": 62 },
        "end": { "line": 836, "column": 64 }
      },
      "349": {
        "start": { "line": 838, "column": 6 },
        "end": { "line": 850, "column": null }
      },
      "350": {
        "start": { "line": 839, "column": 8 },
        "end": { "line": 840, "column": null }
      },
      "351": {
        "start": { "line": 840, "column": 10 },
        "end": { "line": 840, "column": null }
      },
      "352": {
        "start": { "line": 843, "column": 8 },
        "end": { "line": 844, "column": null }
      },
      "353": {
        "start": { "line": 844, "column": 10 },
        "end": { "line": 844, "column": null }
      },
      "354": {
        "start": { "line": 847, "column": 8 },
        "end": { "line": 847, "column": null }
      },
      "355": {
        "start": { "line": 849, "column": 23 },
        "end": { "line": 849, "column": 32 }
      },
      "356": {
        "start": { "line": 850, "column": 8 },
        "end": { "line": 850, "column": null }
      },
      "357": {
        "start": { "line": 853, "column": 6 },
        "end": { "line": 853, "column": null }
      },
      "358": {
        "start": { "line": 855, "column": 6 },
        "end": { "line": 855, "column": null }
      },
      "359": {
        "start": { "line": 857, "column": 4 },
        "end": { "line": 884, "column": null }
      },
      "360": {
        "start": { "line": 858, "column": 6 },
        "end": { "line": 858, "column": null }
      },
      "361": {
        "start": { "line": 860, "column": 6 },
        "end": { "line": 869, "column": null }
      },
      "362": {
        "start": { "line": 861, "column": 22 },
        "end": { "line": 861, "column": 33 }
      },
      "363": {
        "start": { "line": 863, "column": 8 },
        "end": { "line": 864, "column": null }
      },
      "364": {
        "start": { "line": 864, "column": 10 },
        "end": { "line": 864, "column": null }
      },
      "365": {
        "start": { "line": 867, "column": 8 },
        "end": { "line": 867, "column": null }
      },
      "366": {
        "start": { "line": 869, "column": 8 },
        "end": { "line": 869, "column": null }
      },
      "367": {
        "start": { "line": 872, "column": 28 },
        "end": { "line": 872, "column": 30 }
      },
      "368": {
        "start": { "line": 874, "column": 6 },
        "end": { "line": 879, "column": null }
      },
      "369": {
        "start": { "line": 875, "column": 8 },
        "end": { "line": 876, "column": null }
      },
      "370": {
        "start": { "line": 876, "column": 10 },
        "end": { "line": 876, "column": null }
      },
      "371": {
        "start": { "line": 879, "column": 8 },
        "end": { "line": 879, "column": null }
      },
      "372": {
        "start": { "line": 882, "column": 6 },
        "end": { "line": 882, "column": null }
      },
      "373": {
        "start": { "line": 884, "column": 6 },
        "end": { "line": 884, "column": null }
      },
      "374": {
        "start": { "line": 886, "column": 4 },
        "end": { "line": 888, "column": null }
      },
      "375": {
        "start": { "line": 887, "column": 6 },
        "end": { "line": 887, "column": null }
      },
      "376": {
        "start": { "line": 888, "column": 6 },
        "end": { "line": 888, "column": null }
      },
      "377": {
        "start": { "line": 890, "column": 4 },
        "end": { "line": 892, "column": null }
      },
      "378": {
        "start": { "line": 891, "column": 6 },
        "end": { "line": 891, "column": null }
      },
      "379": {
        "start": { "line": 892, "column": 6 },
        "end": { "line": 892, "column": null }
      },
      "380": {
        "start": { "line": 894, "column": 4 },
        "end": { "line": 896, "column": null }
      },
      "381": {
        "start": { "line": 895, "column": 6 },
        "end": { "line": 895, "column": null }
      },
      "382": {
        "start": { "line": 896, "column": 6 },
        "end": { "line": 896, "column": null }
      },
      "383": {
        "start": { "line": 898, "column": 4 },
        "end": { "line": 899, "column": null }
      },
      "384": {
        "start": { "line": 899, "column": 6 },
        "end": { "line": 899, "column": null }
      },
      "385": {
        "start": { "line": 902, "column": 4 },
        "end": { "line": 903, "column": null }
      },
      "386": {
        "start": { "line": 903, "column": 6 },
        "end": { "line": 903, "column": null }
      },
      "387": {
        "start": { "line": 906, "column": 4 },
        "end": { "line": 906, "column": null }
      },
      "388": {
        "start": { "line": 909, "column": 15 },
        "end": { "line": 909, "column": 25 }
      },
      "389": {
        "start": { "line": 911, "column": 2 },
        "end": { "line": 912, "column": null }
      },
      "390": {
        "start": { "line": 912, "column": 4 },
        "end": { "line": 912, "column": null }
      },
      "391": {
        "start": { "line": 915, "column": 2 },
        "end": { "line": 915, "column": null }
      },
      "392": {
        "start": { "line": 919, "column": 16 },
        "end": { "line": 919, "column": 44 }
      },
      "393": {
        "start": { "line": 920, "column": 15 },
        "end": { "line": 920, "column": null }
      },
      "394": {
        "start": { "line": 922, "column": 2 },
        "end": { "line": 953, "column": null }
      },
      "395": {
        "start": { "line": 923, "column": 28 },
        "end": { "line": 925, "column": null }
      },
      "396": {
        "start": { "line": 927, "column": 27 },
        "end": { "line": 927, "column": 38 }
      },
      "397": {
        "start": { "line": 929, "column": 4 },
        "end": { "line": 950, "column": null }
      },
      "398": {
        "start": { "line": 930, "column": 22 },
        "end": { "line": 930, "column": 59 }
      },
      "399": {
        "start": { "line": 931, "column": 6 },
        "end": { "line": 931, "column": null }
      },
      "400": {
        "start": { "line": 933, "column": 6 },
        "end": { "line": 944, "column": null }
      },
      "401": {
        "start": { "line": 934, "column": 24 },
        "end": { "line": 934, "column": 43 }
      },
      "402": {
        "start": { "line": 936, "column": 8 },
        "end": { "line": 941, "column": null }
      },
      "403": {
        "start": { "line": 937, "column": 10 },
        "end": { "line": 937, "column": null }
      },
      "404": {
        "start": { "line": 938, "column": 15 },
        "end": { "line": 941, "column": null }
      },
      "405": {
        "start": { "line": 939, "column": 10 },
        "end": { "line": 939, "column": null }
      },
      "406": {
        "start": { "line": 941, "column": 10 },
        "end": { "line": 941, "column": null }
      },
      "407": {
        "start": { "line": 944, "column": 8 },
        "end": { "line": 944, "column": null }
      },
      "408": {
        "start": { "line": 946, "column": 11 },
        "end": { "line": 950, "column": null }
      },
      "409": {
        "start": { "line": 947, "column": 6 },
        "end": { "line": 947, "column": null }
      },
      "410": {
        "start": { "line": 948, "column": 6 },
        "end": { "line": 948, "column": null }
      },
      "411": {
        "start": { "line": 950, "column": 6 },
        "end": { "line": 950, "column": null }
      },
      "412": {
        "start": { "line": 952, "column": 4 },
        "end": { "line": 952, "column": null }
      },
      "413": {
        "start": { "line": 953, "column": 4 },
        "end": { "line": 953, "column": null }
      },
      "414": {
        "start": { "line": 956, "column": 2 },
        "end": { "line": 956, "column": null }
      },
      "415": {
        "start": { "line": 966, "column": 2 },
        "end": { "line": 967, "column": null }
      },
      "416": {
        "start": { "line": 967, "column": 4 },
        "end": { "line": 967, "column": null }
      },
      "417": {
        "start": { "line": 970, "column": 2 },
        "end": { "line": 991, "column": null }
      },
      "418": {
        "start": { "line": 971, "column": 17 },
        "end": { "line": 971, "column": 37 }
      },
      "419": {
        "start": { "line": 973, "column": 4 },
        "end": { "line": 988, "column": null }
      },
      "420": {
        "start": { "line": 977, "column": 6 },
        "end": { "line": 986, "column": null }
      },
      "421": {
        "start": { "line": 988, "column": 6 },
        "end": { "line": 988, "column": null }
      },
      "422": {
        "start": { "line": 991, "column": 4 },
        "end": { "line": 991, "column": null }
      },
      "423": {
        "start": { "line": 993, "column": 2 },
        "end": { "line": 996, "column": null }
      },
      "424": {
        "start": { "line": 994, "column": 4 },
        "end": { "line": 996, "column": null }
      },
      "425": {
        "start": { "line": 995, "column": 6 },
        "end": { "line": 995, "column": 62 }
      },
      "426": {
        "start": { "line": 999, "column": 2 },
        "end": { "line": 1038, "column": null }
      },
      "427": {
        "start": { "line": 1000, "column": 4 },
        "end": { "line": 1038, "column": null }
      },
      "428": {
        "start": { "line": 1001, "column": 43 },
        "end": { "line": 1001, "column": 45 }
      },
      "429": {
        "start": { "line": 1002, "column": 22 },
        "end": { "line": 1002, "column": null }
      },
      "430": {
        "start": { "line": 1004, "column": 6 },
        "end": { "line": 1033, "column": null }
      },
      "431": {
        "start": { "line": 1005, "column": 20 },
        "end": { "line": 1005, "column": null }
      },
      "432": {
        "start": { "line": 1007, "column": 8 },
        "end": { "line": 1014, "column": null }
      },
      "433": {
        "start": { "line": 1008, "column": 10 },
        "end": { "line": 1008, "column": null }
      },
      "434": {
        "start": { "line": 1010, "column": 10 },
        "end": { "line": 1011, "column": null }
      },
      "435": {
        "start": { "line": 1011, "column": 12 },
        "end": { "line": 1011, "column": null }
      },
      "436": {
        "start": { "line": 1014, "column": 10 },
        "end": { "line": 1014, "column": null }
      },
      "437": {
        "start": { "line": 1017, "column": 8 },
        "end": { "line": 1019, "column": null }
      },
      "438": {
        "start": { "line": 1018, "column": 10 },
        "end": { "line": 1018, "column": null }
      },
      "439": {
        "start": { "line": 1019, "column": 10 },
        "end": { "line": 1019, "column": null }
      },
      "440": {
        "start": { "line": 1022, "column": 22 },
        "end": { "line": 1027, "column": null }
      },
      "441": {
        "start": { "line": 1030, "column": 8 },
        "end": { "line": 1030, "column": null }
      },
      "442": {
        "start": { "line": 1032, "column": 8 },
        "end": { "line": 1033, "column": null }
      },
      "443": {
        "start": { "line": 1033, "column": 10 },
        "end": { "line": 1033, "column": null }
      },
      "444": {
        "start": { "line": 1037, "column": 6 },
        "end": { "line": 1037, "column": null }
      },
      "445": {
        "start": { "line": 1041, "column": 39 },
        "end": { "line": 1041, "column": 41 }
      },
      "446": {
        "start": { "line": 1043, "column": 2 },
        "end": { "line": 1054, "column": null }
      },
      "447": {
        "start": { "line": 1044, "column": 16 },
        "end": { "line": 1044, "column": null }
      },
      "448": {
        "start": { "line": 1046, "column": 4 },
        "end": { "line": 1048, "column": null }
      },
      "449": {
        "start": { "line": 1047, "column": 6 },
        "end": { "line": 1047, "column": null }
      },
      "450": {
        "start": { "line": 1048, "column": 6 },
        "end": { "line": 1048, "column": null }
      },
      "451": {
        "start": { "line": 1051, "column": 18 },
        "end": { "line": 1051, "column": 79 }
      },
      "452": {
        "start": { "line": 1053, "column": 4 },
        "end": { "line": 1054, "column": null }
      },
      "453": {
        "start": { "line": 1054, "column": 6 },
        "end": { "line": 1054, "column": null }
      },
      "454": {
        "start": { "line": 1058, "column": 2 },
        "end": { "line": 1058, "column": null }
      },
      "455": {
        "start": { "line": 1070, "column": 2 },
        "end": { "line": 1071, "column": null }
      },
      "456": {
        "start": { "line": 1071, "column": 4 },
        "end": { "line": 1071, "column": null }
      },
      "457": {
        "start": { "line": 1074, "column": 17 },
        "end": { "line": 1074, "column": 45 }
      },
      "458": {
        "start": { "line": 1075, "column": 21 },
        "end": { "line": 1075, "column": null }
      },
      "459": {
        "start": { "line": 1076, "column": 58 },
        "end": { "line": 1076, "column": 60 }
      },
      "460": {
        "start": { "line": 1077, "column": 36 },
        "end": { "line": 1077, "column": 38 }
      },
      "461": {
        "start": { "line": 1079, "column": 2 },
        "end": { "line": 1121, "column": null }
      },
      "462": {
        "start": { "line": 1079, "column": 19 },
        "end": { "line": 1079, "column": 22 }
      },
      "463": {
        "start": { "line": 1080, "column": 17 },
        "end": { "line": 1080, "column": null }
      },
      "464": {
        "start": { "line": 1081, "column": 17 },
        "end": { "line": 1081, "column": 37 }
      },
      "465": {
        "start": { "line": 1082, "column": 18 },
        "end": { "line": 1082, "column": null }
      },
      "466": {
        "start": { "line": 1084, "column": 4 },
        "end": { "line": 1093, "column": null }
      },
      "467": {
        "start": { "line": 1085, "column": 6 },
        "end": { "line": 1085, "column": null }
      },
      "468": {
        "start": { "line": 1086, "column": 6 },
        "end": { "line": 1092, "column": null }
      },
      "469": {
        "start": { "line": 1093, "column": 6 },
        "end": { "line": 1093, "column": null }
      },
      "470": {
        "start": { "line": 1095, "column": 4 },
        "end": { "line": 1104, "column": null }
      },
      "471": {
        "start": { "line": 1096, "column": 6 },
        "end": { "line": 1096, "column": null }
      },
      "472": {
        "start": { "line": 1097, "column": 6 },
        "end": { "line": 1103, "column": null }
      },
      "473": {
        "start": { "line": 1104, "column": 6 },
        "end": { "line": 1104, "column": null }
      },
      "474": {
        "start": { "line": 1106, "column": 4 },
        "end": { "line": 1115, "column": null }
      },
      "475": {
        "start": { "line": 1107, "column": 6 },
        "end": { "line": 1107, "column": null }
      },
      "476": {
        "start": { "line": 1108, "column": 6 },
        "end": { "line": 1114, "column": null }
      },
      "477": {
        "start": { "line": 1115, "column": 6 },
        "end": { "line": 1115, "column": null }
      },
      "478": {
        "start": { "line": 1117, "column": 4 },
        "end": { "line": 1121, "column": null }
      },
      "479": {
        "start": { "line": 1118, "column": 6 },
        "end": { "line": 1118, "column": null }
      },
      "480": {
        "start": { "line": 1120, "column": 6 },
        "end": { "line": 1121, "column": null }
      },
      "481": {
        "start": { "line": 1125, "column": 2 },
        "end": { "line": 1132, "column": null }
      },
      "482": {
        "start": { "line": 1125, "column": 19 },
        "end": { "line": 1125, "column": 37 }
      },
      "483": {
        "start": { "line": 1126, "column": 18 },
        "end": { "line": 1126, "column": null }
      },
      "484": {
        "start": { "line": 1127, "column": 4 },
        "end": { "line": 1132, "column": null }
      },
      "485": {
        "start": { "line": 1135, "column": 2 },
        "end": { "line": 1135, "column": null }
      }
    },
    "fnMap": {
      "0": {
        "name": "isValidHbsKey",
        "decl": {
          "start": { "line": 86, "column": 16 },
          "end": { "line": 86, "column": 30 }
        },
        "loc": {
          "start": { "line": 86, "column": 52 },
          "end": { "line": 87, "column": null }
        },
        "line": 86
      },
      "1": {
        "name": "encodeRef",
        "decl": {
          "start": { "line": 90, "column": 16 },
          "end": { "line": 90, "column": 26 }
        },
        "loc": {
          "start": { "line": 90, "column": 49 },
          "end": { "line": 112, "column": null }
        },
        "line": 90
      },
      "2": {
        "name": "decodeRef",
        "decl": {
          "start": { "line": 115, "column": 16 },
          "end": { "line": 115, "column": 26 }
        },
        "loc": {
          "start": { "line": 115, "column": 47 },
          "end": { "line": 155, "column": null }
        },
        "line": 115
      },
      "3": {
        "name": "createHbs",
        "decl": {
          "start": { "line": 158, "column": 16 },
          "end": { "line": 158, "column": 26 }
        },
        "loc": {
          "start": { "line": 161, "column": 2 },
          "end": { "line": 169, "column": null }
        },
        "line": 161
      },
      "4": {
        "name": "(anonymous_4)",
        "decl": {
          "start": { "line": 163, "column": 4 },
          "end": { "line": 163, "column": 11 }
        },
        "loc": {
          "start": { "line": 163, "column": 35 },
          "end": { "line": 164, "column": null }
        },
        "line": 163
      },
      "5": {
        "name": "(anonymous_5)",
        "decl": {
          "start": { "line": 166, "column": 4 },
          "end": { "line": 166, "column": 11 }
        },
        "loc": {
          "start": { "line": 166, "column": 56 },
          "end": { "line": 167, "column": null }
        },
        "line": 166
      },
      "6": {
        "name": "encodeHbs",
        "decl": {
          "start": { "line": 172, "column": 16 },
          "end": { "line": 172, "column": 26 }
        },
        "loc": {
          "start": { "line": 172, "column": 76 },
          "end": { "line": 493, "column": null }
        },
        "line": 172
      },
      "7": {
        "name": "(anonymous_7)",
        "decl": {
          "start": { "line": 185, "column": 8 },
          "end": { "line": 185, "column": 18 }
        },
        "loc": {
          "start": { "line": 185, "column": 42 },
          "end": { "line": 198, "column": null }
        },
        "line": 185
      },
      "8": {
        "name": "(anonymous_8)",
        "decl": {
          "start": { "line": 201, "column": 8 },
          "end": { "line": 201, "column": null }
        },
        "loc": {
          "start": { "line": 203, "column": 60 },
          "end": { "line": 240, "column": null }
        },
        "line": 203
      },
      "9": {
        "name": "(anonymous_9)",
        "decl": {
          "start": { "line": 243, "column": 8 },
          "end": { "line": 243, "column": 23 }
        },
        "loc": {
          "start": { "line": 243, "column": 58 },
          "end": { "line": 247, "column": null }
        },
        "line": 243
      },
      "10": {
        "name": "(anonymous_10)",
        "decl": {
          "start": { "line": 250, "column": 8 },
          "end": { "line": 250, "column": 20 }
        },
        "loc": {
          "start": { "line": 250, "column": 65 },
          "end": { "line": 255, "column": null }
        },
        "line": 250
      },
      "11": {
        "name": "(anonymous_11)",
        "decl": {
          "start": { "line": 255, "column": 16 },
          "end": { "line": 255, "column": 23 }
        },
        "loc": {
          "start": { "line": 255, "column": 38 },
          "end": { "line": 255, "column": 59 }
        },
        "line": 255
      },
      "12": {
        "name": "(anonymous_12)",
        "decl": {
          "start": { "line": 258, "column": 8 },
          "end": { "line": 258, "column": 33 }
        },
        "loc": {
          "start": { "line": 258, "column": 71 },
          "end": { "line": 275, "column": null }
        },
        "line": 258
      },
      "13": {
        "name": "(anonymous_13)",
        "decl": {
          "start": { "line": 263, "column": 15 },
          "end": { "line": 263, "column": 22 }
        },
        "loc": {
          "start": { "line": 263, "column": 31 },
          "end": { "line": 263, "column": 50 }
        },
        "line": 263
      },
      "14": {
        "name": "(anonymous_14)",
        "decl": {
          "start": { "line": 278, "column": 8 },
          "end": { "line": 278, "column": null }
        },
        "loc": {
          "start": { "line": 281, "column": 68 },
          "end": { "line": 356, "column": null }
        },
        "line": 281
      },
      "15": {
        "name": "(anonymous_15)",
        "decl": {
          "start": { "line": 282, "column": 15 },
          "end": { "line": 282, "column": 22 }
        },
        "loc": {
          "start": { "line": 282, "column": 32 },
          "end": { "line": 282, "column": 58 }
        },
        "line": 282
      },
      "16": {
        "name": "(anonymous_16)",
        "decl": {
          "start": { "line": 284, "column": 15 },
          "end": { "line": 284, "column": 20 }
        },
        "loc": {
          "start": { "line": 284, "column": 20 },
          "end": { "line": 284, "column": 73 }
        },
        "line": 284
      },
      "17": {
        "name": "(anonymous_17)",
        "decl": {
          "start": { "line": 293, "column": 8 },
          "end": { "line": 293, "column": 19 }
        },
        "loc": {
          "start": { "line": 293, "column": 43 },
          "end": { "line": 298, "column": null }
        },
        "line": 293
      },
      "18": {
        "name": "(anonymous_18)",
        "decl": {
          "start": { "line": 303, "column": 15 },
          "end": { "line": 303, "column": 22 }
        },
        "loc": {
          "start": { "line": 303, "column": 32 },
          "end": { "line": 303, "column": 58 }
        },
        "line": 303
      },
      "19": {
        "name": "(anonymous_19)",
        "decl": {
          "start": { "line": 305, "column": 15 },
          "end": { "line": 305, "column": 20 }
        },
        "loc": {
          "start": { "line": 305, "column": 20 },
          "end": { "line": 305, "column": 73 }
        },
        "line": 305
      },
[...]
        "s:417:4:418:Infinity": 149,
        "b:417:8:417:37:417:37:417:64": 48,
        "s:418:6:418:Infinity": 150,
        "b:420:4:444:Infinity:undefined:undefined:undefined:undefined": 49,
        "s:420:4:444:Infinity": 151,
        "b:421:6:422:Infinity:undefined:undefined:undefined:undefined": 50,
        "s:421:6:422:Infinity": 152,
        "s:422:8:422:Infinity": 153,
        "s:425:6:425:Infinity": 154,
        "s:427:6:444:Infinity": 155,
        "s:428:8:430:Infinity": 156,
        "s:428:25:428:28": 157,
        "b:429:10:430:Infinity:undefined:undefined:undefined:undefined": 51,
        "s:429:10:430:Infinity": 158,
        "s:430:12:430:Infinity": 159,
        "s:434:26:434:54": 160,
        "b:436:8:437:Infinity:undefined:undefined:undefined:undefined": 52,
        "s:436:8:437:Infinity": 161,
        "s:437:10:437:Infinity": 162,
        "s:440:22:440:59": 163,
        "f:440:28:440:33": 37,
        "s:440:42:440:58": 164,
        "s:442:8:442:Infinity": 165,
        "s:444:8:444:Infinity": 166,
        "b:448:4:465:Infinity:undefined:undefined:undefined:undefined": 53,
        "s:448:4:465:Infinity": 167,
        "b:449:6:450:Infinity:undefined:undefined:undefined:undefined": 54,
        "s:449:6:450:Infinity": 168,
        "s:450:8:450:Infinity": 169,
        "s:453:6:453:Infinity": 170,
        "s:455:6:465:Infinity": 171,
        "s:456:14:457:Infinity": 172,
        "f:456:46:456:Infinity": 38,
        "s:457:19:457:36": 173,
        "s:459:21:459:56": 174,
        "f:459:29:459:34": 39,
        "s:459:44:459:55": 175,
        "s:461:8:463:Infinity": 176,
        "f:462:11:462:16": 40,
        "s:462:37:462:75": 177,
        "s:465:8:465:Infinity": 178,
        "s:469:4:469:Infinity": 179,
        "s:472:12:472:29": 180,
        "s:473:12:473:32": 181,
        "s:475:4:477:Infinity": 182,
        "b:476:8:476:Infinity:477:8:477:Infinity": 55,
        "b:475:4:475:32:475:32:475:Infinity": 56,
        "s:478:12:484:Infinity": 183,
        "b:479:6:483:18:484:6:484:Infinity": 57,
        "f:480:9:480:14": 41,
        "s:481:10:481:65": 184,
        "b:481:43:481:63:481:63:481:65": 58,
        "s:486:12:486:66": 185,
        "f:486:28:486:33": 42,
        "s:486:49:486:57": 186,
        "s:487:15:487:Infinity": 187,
        "s:488:14:490:Infinity": 188,
        "b:490:4:490:36:490:36:490:Infinity": 59,
        "s:493:2:493:Infinity": 189,
        "f:496:16:496:26": 43,
        "b:496:63:496:65": 60,
        "s:497:16:497:79": 190,
        "b:499:2:500:Infinity:undefined:undefined:undefined:undefined": 61,
        "s:499:2:500:Infinity": 191,
        "s:500:4:500:Infinity": 192,
        "s:511:6:511:Infinity": 193,
        "s:513:18:513:36": 194,
        "s:514:20:514:40": 195,
        "s:515:18:515:36": 196,
        "s:516:20:516:40": 197,
        "b:521:2:522:Infinity:undefined:undefined:undefined:undefined": 62,
        "s:521:2:522:Infinity": 198,
        "s:522:4:522:Infinity": 199,
        "s:525:20:525:Infinity": 200,
        "s:526:19:531:Infinity": 201,
        "b:527:6:527:Infinity:528:6:531:Infinity": 63,
        "b:530:8:530:40:530:40:530:Infinity": 64,
        "s:533:12:533:45": 202,
        "s:534:12:534:63": 203,
        "s:535:12:537:Infinity": 204,
        "s:539:12:539:64": 205,
        "s:540:15:540:27": 206,
        "s:541:17:541:31": 207,
        "b:543:2:548:Infinity:undefined:undefined:undefined:undefined": 65,
        "s:543:2:548:Infinity": 208,
        "b:544:4:544:Infinity:545:4:545:Infinity:546:4:546:Infinity": 66,
        "s:548:4:548:Infinity": 209,
        "s:551:16:551:48": 210,
        "s:552:24:552:26": 211,
        "s:553:16:553:63": 212,
        "s:554:22:558:Infinity": 213,
        "b:558:31:558:43:558:43:558:Infinity": 67,
        "s:561:2:568:Infinity": 214,
        "f:571:9:571:Infinity": 44,
        "s:575:20:575:Infinity": 215,
        "b:575:20:575:42:575:42:575:Infinity": 68,
        "b:577:2:584:Infinity:undefined:undefined:undefined:undefined": 69,
        "s:577:2:584:Infinity": 216,
        "s:578:20:578:Infinity": 217,
        "b:580:4:581:Infinity:undefined:undefined:undefined:undefined": 70,
        "s:580:4:581:Infinity": 218,
        "s:581:6:581:Infinity": 219,
        "s:584:4:584:Infinity": 220,
        "s:587:2:587:Infinity": 221,
        "f:590:9:590:Infinity": 45,
        "s:593:2:593:Infinity": 222,
        "b:593:9:593:29:593:33:593:53": 71,
        "f:596:9:596:23": 46,
        "b:597:2:598:Infinity:undefined:undefined:undefined:undefined": 72,
        "s:597:2:598:Infinity": 223,
        "b:597:6:597:35:597:35:597:53:597:53:597:73": 73,
        "s:598:4:598:Infinity": 224,
        "s:601:20:601:48": 225,
        "s:603:2:603:Infinity": 226,
        "f:606:9:606:19": 47,
        "b:607:2:608:Infinity:undefined:undefined:undefined:undefined": 74,
        "s:607:2:608:Infinity": 227,
        "s:608:4:608:Infinity": 228,
        "s:611:15:611:29": 229,
        "b:613:2:614:Infinity:undefined:undefined:undefined:undefined": 75,
        "s:613:2:614:Infinity": 230,
        "f:613:11:613:17": 48,
        "s:613:25:613:44": 231,
        "s:614:4:614:Infinity": 232,
        "b:617:2:618:Infinity:undefined:undefined:undefined:undefined": 76,
        "s:617:2:618:Infinity": 233,
        "s:618:4:618:Infinity": 234,
        "s:621:2:621:Infinity": 235,
        "f:624:9:624:21": 49,
        "s:625:18:625:46": 236,
        "s:626:32:626:34": 237,
        "s:627:12:627:Infinity": 238,
        "s:629:8:652:Infinity": 239,
        "f:629:8:629:32": 50,
        "b:630:4:641:Infinity:undefined:undefined:undefined:undefined": 77,
        "s:630:4:641:Infinity": 240,
        "s:631:18:631:46": 241,
        "b:633:6:634:Infinity:undefined:undefined:undefined:undefined": 78,
        "s:633:6:634:Infinity": 242,
        "s:634:8:634:Infinity": 243,
        "s:637:18:637:44": 244,
        "s:638:6:638:Infinity": 245,
        "s:639:6:639:Infinity": 246,
        "s:641:6:641:Infinity": 247,
        "s:644:16:644:Infinity": 248,
        "b:646:4:647:Infinity:undefined:undefined:undefined:undefined": 79,
        "s:646:4:647:Infinity": 249,
        "s:647:6:647:Infinity": 250,
        "s:650:4:650:Infinity": 251,
        "s:652:4:652:Infinity": 252,
        "s:655:8:666:Infinity": 253,
        "f:655:8:655:23": 51,
        "s:656:18:656:Infinity": 254,
        "s:658:4:659:Infinity": 255,
        "b:658:21:658:36:658:36:658:39": 80,
        "s:659:6:659:Infinity": 256,
        "b:662:4:663:Infinity:undefined:undefined:undefined:undefined": 81,
        "s:662:4:663:Infinity": 257,
        "s:663:6:663:Infinity": 258,
        "s:666:4:666:Infinity": 259,
        "s:669:8:689:Infinity": 260,
        "f:669:8:669:Infinity": 52,
        "s:674:17:674:Infinity": 261,
        "s:675:21:675:Infinity": 262,
        "b:675:37:675:48:675:48:675:Infinity": 82,
        "s:676:21:676:38": 263,
        "b:678:4:686:Infinity:682:11:686:Infinity": 83,
        "s:678:4:686:Infinity": 264,
        "b:679:6:680:Infinity:undefined:undefined:undefined:undefined": 84,
        "s:679:6:680:Infinity": 265,
        "b:679:10:679:40:679:40:679:68": 85,
        "s:680:8:680:Infinity": 266,
        "s:683:19:683:Infinity": 267,
        "s:685:6:685:Infinity": 268,
        "s:686:6:686:Infinity": 269,
        "s:689:4:689:Infinity": 270,
        "s:692:8:703:Infinity": 271,
        "f:692:8:692:20": 53,
        "s:693:4:693:Infinity": 272,
        "s:694:16:694:25": 273,
        "b:696:4:697:Infinity:undefined:undefined:undefined:undefined": 86,
        "s:696:4:697:Infinity": 274,
        "s:697:6:697:Infinity": 275,
        "s:700:4:700:Infinity": 276,
        "s:701:19:701:45": 277,
        "s:703:4:703:Infinity": 278,
        "s:706:8:747:Infinity": 279,
        "f:706:8:706:45": 54,
        "b:707:4:708:Infinity:undefined:undefined:undefined:undefined": 87,
        "s:707:4:708:Infinity": 280,
        "s:708:6:708:Infinity": 281,
        "s:711:4:711:Infinity": 282,
        "s:712:19:712:28": 283,
        "s:713:19:713:Infinity": 284,
        "b:715:4:732:Infinity:undefined:undefined:undefined:undefined": 88,
        "s:715:4:732:Infinity": 285,
        "b:715:8:715:26:715:26:715:42": 89,
        "s:716:23:716:Infinity": 286,
        "b:716:40:716:51:716:51:716:Infinity": 90,
        "s:717:20:717:Infinity": 287,
        "s:719:6:720:Infinity": 288,
        "b:719:23:719:38:719:38:719:41": 91,
        "s:720:8:720:Infinity": 289,
        "b:723:6:724:Infinity:undefined:undefined:undefined:undefined": 92,
        "s:723:6:724:Infinity": 290,
        "s:724:8:724:Infinity": 291,
        "s:727:6:732:Infinity": 292,
        "b:735:4:740:Infinity:undefined:undefined:undefined:undefined": 93,
        "s:735:4:740:Infinity": 293,
        "b:735:8:735:26:735:26:735:44:735:44:735:60": 94,
        "s:736:6:740:Infinity": 294,
        "b:739:32:739:39:739:39:739:Infinity": 95,
        "b:743:4:744:Infinity:undefined:undefined:undefined:undefined": 96,
        "s:743:4:744:Infinity": 295,
        "b:743:8:743:26:743:26:743:44:743:44:743:60": 97,
        "s:744:6:744:Infinity": 296,
        "s:747:4:747:Infinity": 297,
        "s:750:8:782:Infinity": 298,
        "f:750:8:750:25": 55,
        "b:751:4:752:Infinity:undefined:undefined:undefined:undefined": 98,
        "s:751:4:752:Infinity": 299,
        "s:752:6:752:Infinity": 300,
        "b:755:4:759:Infinity:undefined:undefined:undefined:undefined": 99,
        "s:755:4:759:Infinity": 301,
        "s:756:20:756:Infinity": 302,
        "b:756:51:756:57:756:57:756:Infinity": 100,
        "s:757:18:757:27": 303,
        "s:759:6:759:Infinity": 304,
        "b:762:4:779:Infinity:undefined:undefined:undefined:undefined": 101,
        "s:762:4:779:Infinity": 305,
        "s:763:20:763:Infinity": 306,
        "b:763:51:763:57:763:57:763:Infinity": 102,
        "s:764:18:764:27": 307,
        "b:766:6:767:Infinity:undefined:undefined:undefined:undefined": 103,
        "s:766:6:767:Infinity": 308,
        "s:767:8:767:Infinity": 309,
        "s:770:6:770:Infinity": 310,
        "s:771:21:771:53": 311,
        "b:773:6:774:Infinity:undefined:undefined:undefined:undefined": 104,
        "s:773:6:774:Infinity": 312,
        "s:774:8:774:Infinity": 313,
        "s:777:6:777:Infinity": 314,
        "s:779:6:779:Infinity": 315,
        "s:782:4:782:Infinity": 316,
        "s:785:8:828:Infinity": 317,
        "f:785:8:785:32": 56,
        "s:786:4:786:Infinity": 318,
        "s:787:21:787:51": 319,
        "b:789:4:790:Infinity:undefined:undefined:undefined:undefined": 105,
        "s:789:4:790:Infinity": 320,
        "s:790:6:790:Infinity": 321,
        "s:793:4:793:Infinity": 322,
        "s:794:21:794:51": 323,
        "b:796:4:797:Infinity:undefined:undefined:undefined:undefined": 106,
        "s:796:4:797:Infinity": 324,
        "s:797:6:797:Infinity": 325,
        "s:800:4:800:Infinity": 326,
        "s:801:35:801:37": 327,
        "s:803:4:804:Infinity": 328,
        "s:803:21:803:24": 329,
        "s:804:6:804:Infinity": 330,
        "b:807:4:808:Infinity:undefined:undefined:undefined:undefined": 107,
        "s:807:4:808:Infinity": 331,
        "s:808:6:808:Infinity": 332,
        "s:811:4:811:Infinity": 333,
        "s:812:27:812:29": 334,
        "s:814:4:825:Infinity": 335,
        "s:814:24:814:27": 336,
        "s:815:26:815:28": 337,
        "s:817:6:821:Infinity": 338,
        "s:818:21:818:42": 339,
        "b:820:8:821:Infinity:undefined:undefined:undefined:undefined": 108,
        "s:820:8:821:Infinity": 340,
        "s:821:10:821:Infinity": 341,
        "s:825:6:825:Infinity": 342,
        "s:828:4:828:Infinity": 343,
        "s:831:8:906:Infinity": 344,
        "f:831:8:831:31": 57,
        "s:832:18:832:Infinity": 345,
        "b:834:4:855:Infinity:undefined:undefined:undefined:undefined": 109,
        "s:834:4:855:Infinity": 346,
        "s:835:6:835:Infinity": 347,
        "s:836:62:836:64": 348,
        "s:838:6:850:Infinity": 349,
        "b:839:8:840:Infinity:undefined:undefined:undefined:undefined": 110,
        "s:839:8:840:Infinity": 350,
        "s:840:10:840:Infinity": 351,
        "b:843:8:844:Infinity:undefined:undefined:undefined:undefined": 111,
        "s:843:8:844:Infinity": 352,
        "s:844:10:844:Infinity": 353,
        "s:847:8:847:Infinity": 354,
        "s:849:23:849:32": 355,
        "s:850:8:850:Infinity": 356,
        "s:853:6:853:Infinity": 357,
        "s:855:6:855:Infinity": 358,
        "b:857:4:884:Infinity:undefined:undefined:undefined:undefined": 112,
        "s:857:4:884:Infinity": 359,
        "s:858:6:858:Infinity": 360,
        "b:860:6:869:Infinity:undefined:undefined:undefined:undefined": 113,
        "s:860:6:869:Infinity": 361,
        "s:861:22:861:33": 362,
        "b:863:8:864:Infinity:undefined:undefined:undefined:undefined": 114,
        "s:863:8:864:Infinity": 363,
        "s:864:10:864:Infinity": 364,
        "s:867:8:867:Infinity": 365,
        "s:869:8:869:Infinity": 366,
        "s:872:28:872:30": 367,
        "s:874:6:879:Infinity": 368,
        "b:875:8:876:Infinity:undefined:undefined:undefined:undefined": 115,
        "s:875:8:876:Infinity": 369,
        "s:876:10:876:Infinity": 370,
        "s:879:8:879:Infinity": 371,
        "s:882:6:882:Infinity": 372,
        "s:884:6:884:Infinity": 373,
        "b:886:4:888:Infinity:undefined:undefined:undefined:undefined": 116,
        "s:886:4:888:Infinity": 374,
        "s:887:6:887:Infinity": 375,
        "s:888:6:888:Infinity": 376,
        "b:890:4:892:Infinity:undefined:undefined:undefined:undefined": 117,
        "s:890:4:892:Infinity": 377,
        "s:891:6:891:Infinity": 378,
        "s:892:6:892:Infinity": 379,
        "b:894:4:896:Infinity:undefined:undefined:undefined:undefined": 118,
        "s:894:4:896:Infinity": 380,
        "s:895:6:895:Infinity": 381,
        "s:896:6:896:Infinity": 382,
        "b:898:4:899:Infinity:undefined:undefined:undefined:undefined": 119,
        "s:898:4:899:Infinity": 383,
        "s:899:6:899:Infinity": 384,
        "b:902:4:903:Infinity:undefined:undefined:undefined:undefined": 120,
        "s:902:4:903:Infinity": 385,
        "s:903:6:903:Infinity": 386,
        "s:906:4:906:Infinity": 387,
        "s:909:15:909:25": 388,
        "b:911:2:912:Infinity:undefined:undefined:undefined:undefined": 121,
        "s:911:2:912:Infinity": 389,
        "s:912:4:912:Infinity": 390,
        "s:915:2:915:Infinity": 391,
        "f:918:9:918:21": 58,
        "s:919:16:919:44": 392,
        "s:920:15:920:Infinity": 393,
        "s:922:2:953:Infinity": 394,
        "s:923:28:925:Infinity": 395,
        "s:927:27:927:38": 396,
        "b:929:4:950:Infinity:946:11:950:Infinity": 122,
        "s:929:4:950:Infinity": 397,
        "s:930:22:930:59": 398,
        "s:931:6:931:Infinity": 399,
        "s:933:6:944:Infinity": 400,
        "s:934:24:934:43": 401,
        "b:936:8:941:Infinity:938:15:941:Infinity": 123,
        "s:936:8:941:Infinity": 402,
        "b:936:12:936:38:936:38:936:67": 124,
        "s:937:10:937:Infinity": 403,
        "b:938:15:941:Infinity:940:15:941:Infinity": 125,
        "s:938:15:941:Infinity": 404,
        "b:938:19:938:45:938:45:938:74": 126,
        "s:939:10:939:Infinity": 405,
        "s:941:10:941:Infinity": 406,
        "s:944:8:944:Infinity": 407,
        "b:946:11:950:Infinity:949:11:950:Infinity": 127,
        "s:946:11:950:Infinity": 408,
        "s:947:6:947:Infinity": 409,
        "s:948:6:948:Infinity": 410,
        "s:950:6:950:Infinity": 411,
        "s:952:4:952:Infinity": 412,
        "s:953:4:953:Infinity": 413,
        "s:956:2:956:Infinity": 414,
        "f:959:9:959:Infinity": 59,
        "b:966:2:967:Infinity:undefined:undefined:undefined:undefined": 128,
        "s:966:2:967:Infinity": 415,
        "s:967:4:967:Infinity": 416,
        "b:970:2:991:Infinity:undefined:undefined:undefined:undefined": 129,
        "s:970:2:991:Infinity": 417,
        "s:971:17:971:37": 418,
        "b:973:4:988:Infinity:undefined:undefined:undefined:undefined": 130,
        "s:973:4:988:Infinity": 419,
        "b:973:8:973:36:973:36:973:63": 131,
        "s:977:6:986:Infinity": 420,
        "b:984:12:984:53:985:12:985:Infinity": 132,
        "s:988:6:988:Infinity": 421,
        "s:991:4:991:Infinity": 422,
        "b:993:2:996:Infinity:undefined:undefined:undefined:undefined": 133,
        "s:993:2:996:Infinity": 423,
        "s:994:4:996:Infinity": 424,
        "f:994:22:994:27": 60,
        "s:995:6:995:62": 425,
        "b:999:2:1038:Infinity:undefined:undefined:undefined:undefined": 134,
        "s:999:2:1038:Infinity": 426,
        "s:1000:4:1038:Infinity": 427,
        "f:1000:21:1000:26": 61,
        "s:1001:43:1001:45": 428,
        "s:1002:22:1002:Infinity": 429,
        "s:1004:6:1033:Infinity": 430,
        "s:1005:20:1005:Infinity": 431,
        "b:1007:8:1014:Infinity:undefined:undefined:undefined:undefined": 135,
        "s:1007:8:1014:Infinity": 432,
        "s:1008:10:1008:Infinity": 433,
        "b:1010:10:1011:Infinity:undefined:undefined:undefined:undefined": 136,
        "s:1010:10:1011:Infinity": 434,
        "s:1011:12:1011:Infinity": 435,
        "s:1014:10:1014:Infinity": 436,
        "b:1017:8:1019:Infinity:undefined:undefined:undefined:undefined": 137,
        "s:1017:8:1019:Infinity": 437,
        "s:1018:10:1018:Infinity": 438,
        "s:1019:10:1019:Infinity": 439,
        "s:1022:22:1027:Infinity": 440,
        "s:1030:8:1030:Infinity": 441,
        "b:1032:8:1033:Infinity:undefined:undefined:undefined:undefined": 138,
        "s:1032:8:1033:Infinity": 442,
        "s:1033:10:1033:Infinity": 443,
        "s:1037:6:1037:Infinity": 444,
        "s:1041:39:1041:41": 445,
        "s:1043:2:1054:Infinity": 446,
        "s:1044:16:1044:Infinity": 447,
        "b:1046:4:1048:Infinity:undefined:undefined:undefined:undefined": 139,
        "s:1046:4:1048:Infinity": 448,
        "s:1047:6:1047:Infinity": 449,
        "s:1048:6:1048:Infinity": 450,
        "s:1051:18:1051:79": 451,
        "b:1053:4:1054:Infinity:undefined:undefined:undefined:undefined": 140,
        "s:1053:4:1054:Infinity": 452,
        "s:1054:6:1054:Infinity": 453,
        "s:1058:2:1058:Infinity": 454,
        "f:1061:9:1061:Infinity": 62,
        "b:1070:2:1071:Infinity:undefined:undefined:undefined:undefined": 141,
        "s:1070:2:1071:Infinity": 455,
        "s:1071:4:1071:Infinity": 456,
        "s:1074:17:1074:45": 457,
        "b:1074:28:1074:30:1074:33:1074:45": 142,
        "s:1075:21:1075:Infinity": 458,
        "b:1075:21:1075:42:1075:42:1075:Infinity": 143,
        "s:1076:58:1076:60": 459,
        "s:1077:36:1077:38": 460,
        "s:1079:2:1121:Infinity": 461,
        "s:1079:19:1079:22": 462,
        "s:1080:17:1080:Infinity": 463,
        "s:1081:17:1081:37": 464,
        "s:1082:18:1082:Infinity": 465,
        "b:1084:4:1093:Infinity:undefined:undefined:undefined:undefined": 144,
        "s:1084:4:1093:Infinity": 466,
        "b:1084:8:1084:31:1084:31:1084:45": 145,
        "s:1085:6:1085:Infinity": 467,
        "s:1086:6:1092:Infinity": 468,
        "s:1093:6:1093:Infinity": 469,
        "b:1095:4:1104:Infinity:undefined:undefined:undefined:undefined": 146,
        "s:1095:4:1104:Infinity": 470,
        "s:1096:6:1096:Infinity": 471,
        "s:1097:6:1103:Infinity": 472,
        "s:1104:6:1104:Infinity": 473,
        "b:1106:4:1115:Infinity:undefined:undefined:undefined:undefined": 147,
        "s:1106:4:1115:Infinity": 474,
        "b:1106:8:1106:37:1106:37:1106:64": 148,
        "s:1107:6:1107:Infinity": 475,
        "s:1108:6:1114:Infinity": 476,
        "s:1115:6:1115:Infinity": 477,
        "b:1117:4:1121:Infinity:1119:11:1121:Infinity": 149,
        "s:1117:4:1121:Infinity": 478,
        "s:1118:6:1118:Infinity": 479,
        "s:1120:6:1121:Infinity": 480,
        "s:1125:2:1132:Infinity": 481,
        "s:1125:19:1125:37": 482,
        "s:1126:18:1126:Infinity": 483,
        "s:1127:4:1132:Infinity": 484,
        "s:1135:2:1135:Infinity": 485
      }
    }
  }
}
